The system is: Linux - 3.10.0-1160.66.1.el7.x86_64 - x86_64
Compiling the C compiler identification source file "CMakeCCompilerId.c" succeeded.
Compiler: /opt/intel/Compiler/19.1/3.304/rwthlnk/bin/intel64/icc 
Build flags: 
Id flags:  

The output was:
0


Compilation of the C compiler identification source "CMakeCCompilerId.c" produced "a.out"

The C compiler identification is Intel, found in "/home/ar146294/TEACHING/parcomp/exercise/final-project-disk/skeleton/Online_Submission/solver-mpi/build/CMakeFiles/3.21.1/CompilerIdC/a.out"

Compiling the CXX compiler identification source file "CMakeCXXCompilerId.cpp" succeeded.
Compiler: /opt/intel/Compiler/19.1/3.304/rwthlnk/bin/intel64/icpc 
Build flags: 
Id flags:  

The output was:
0


Compilation of the CXX compiler identification source "CMakeCXXCompilerId.cpp" produced "a.out"

The CXX compiler identification is Intel, found in "/home/ar146294/TEACHING/parcomp/exercise/final-project-disk/skeleton/Online_Submission/solver-mpi/build/CMakeFiles/3.21.1/CompilerIdCXX/a.out"

Detecting C compiler ABI info compiled with the following output:
Change Dir: /home/ar146294/TEACHING/parcomp/exercise/final-project-disk/skeleton/Online_Submission/solver-mpi/build/CMakeFiles/CMakeTmp

Run Build Command(s):/usr/local_rwth/bin/gmake -f Makefile cmTC_7b65c/fast && /usr/local_rwth/bin/gmake  -f CMakeFiles/cmTC_7b65c.dir/build.make CMakeFiles/cmTC_7b65c.dir/build
gmake[1]: Entering directory `/rwthfs/rz/cluster/home/ar146294/TEACHING/parcomp/exercise/final-project-disk/skeleton/Online_Submission/solver-mpi/build/CMakeFiles/CMakeTmp'
Building C object CMakeFiles/cmTC_7b65c.dir/CMakeCCompilerABI.c.o
/opt/intel/Compiler/19.1/3.304/rwthlnk/bin/intel64/icc   -v -MD -MT CMakeFiles/cmTC_7b65c.dir/CMakeCCompilerABI.c.o -MF CMakeFiles/cmTC_7b65c.dir/CMakeCCompilerABI.c.o.d -o CMakeFiles/cmTC_7b65c.dir/CMakeCCompilerABI.c.o -c /rwthfs/rz/SW/UTIL.common/cmake/cmake-3.21.1-linux-x86_64/share/cmake-3.21/Modules/CMakeCCompilerABI.c
icc version 19.1.3.304 (gcc version 4.8.5 compatibility)
/rwthfs/rz/SW/intel/Compiler/19.1/3.304/compilers_and_libraries_2020.4.304/linux/bin/intel64/mcpcom    --target_efi2 --lang=c -oCMakeFiles/cmTC_7b65c.dir/CMakeCCompilerABI.c.o -_g -mP3OPT_inline_alloca -D__ICC=1910 -D__INTEL_COMPILER=1910 -D__INTEL_COMPILER_UPDATE=3 -D__PTRDIFF_TYPE__=long "-D__SIZE_TYPE__=unsigned long" -D__WCHAR_TYPE__=int "-D__WINT_TYPE__=unsigned int" "-D__INTMAX_TYPE__=long int" "-D__UINTMAX_TYPE__=long unsigned int" -D__LONG_MAX__=9223372036854775807L -D__QMSPP_ -D__OPTIMIZE__ -D__NO_MATH_INLINES -D__NO_STRING_INLINES -D__GNUC_GNU_INLINE__ -D__GNUC__=4 -D__GNUC_MINOR__=8 -D__GNUC_PATCHLEVEL__=5 -D__LP64__ -D_LP64 -D__GXX_ABI_VERSION=1002 "-D__USER_LABEL_PREFIX__= " -D__REGISTER_PREFIX__= -D__INTEL_RTTI__ -D__unix__ -D__unix -D__linux__ -D__linux -D__gnu_linux__ -B -Dunix -Dlinux "-_Asystem(unix)" -D__ELF__ -D__x86_64 -D__x86_64__ -D__amd64 -D__amd64__ "-_Acpu(x86_64)" "-_Amachine(x86_64)" -D__INTEL_COMPILER_BUILD_DATE=20200925 -D__INTEL_OFFLOAD -D__MMX__ -D__SSE__ -D__SSE_MATH__ -D__SSE2__ -D__SSE2_MATH__ -D__pentium4 -D__pentium4__ -D__tune_pentium4__ -_k -_8 -_l --has_new_stdarg_support -_a -_b --gnu_version=40805 -_W5 --openmp_simd --dependency_file_name CMakeFiles/cmTC_7b65c.dir/CMakeCCompilerABI.c.o.d --compile_dependencies --dependency_target_name CMakeFiles/cmTC_7b65c.dir/CMakeCCompilerABI.c.o --multibyte_chars -mGLOB_diag_suppress_sys --system_preinclude /usr/include/stdc-predef.h -I/opt/intel/Compiler/19.1/3.304/rwthlnk/pstl/include -I/opt/intel/Compiler/19.1/3.304/rwthlnk/pstl/include -I/opt/intel/Compiler/19.1/3.304/rwthlnk/pstl/stdlib -I/opt/intel/Compiler/19.1/3.304/rwthlnk/daal/include -I/opt/intel/Compiler/19.1/3.304/rwthlnk/ipp/include -I/opt/intel/Compiler/19.1/3.304/rwthlnk/mkl/include -I/opt/intel/Compiler/19.1/3.304/rwthlnk/tbb/include --array_section --simd --simd_func --offload_mode=1 --offload_target_names=mic,MIC --offload_unique_string=icc1755524832rvJflb -mGLOB_em64t=TRUE -mP1OPT_version=19.1-intel64 -mGLOB_diag_file=CMakeFiles/cmTC_7b65c.dir/CMakeCCompilerABI.c.diag -mGLOB_long_size_64 -mGLOB_routine_pointer_size_64 -mP1OPT_print_version=FALSE -mCG_use_gas_got_workaround=F -mP2OPT_align_option_used=TRUE -mGLOB_gcc_version=485 "-mGLOB_options_string=-v -MD -MT CMakeFiles/cmTC_7b65c.dir/CMakeCCompilerABI.c.o -MF CMakeFiles/cmTC_7b65c.dir/CMakeCCompilerABI.c.o.d -o CMakeFiles/cmTC_7b65c.dir/CMakeCCompilerABI.c.o -c" -mGLOB_cxx_limited_range=FALSE -mCG_extend_parms=FALSE -mGLOB_compiler_bin_directory=/rwthfs/rz/SW/intel/Compiler/19.1/3.304/compilers_and_libraries_2020.4.304/linux/bin/intel64 -mGLOB_as_output_backup_file_name=/tmp/ar146294/login2_27994/iccll06zYas_.s -mIPOPT_activate -mIPOPT_lite -mGLOB_uarch_tuning=0x0 -mGLOB_product_id_code=0x22006d93 -mCG_bnl_movbe=T -mP3OPT_use_mspp_call_convention -mP2OPT_subs_out_of_bound=FALSE -mP2OPT_disam_type_based_disam=2 -mP2OPT_disam_assume_ansi_c -mP2OPT_checked_disam_ansi_alias=TRUE -mGLOB_ansi_alias -mPGOPTI_value_profile_use=T -mP2OPT_il0_array_sections=TRUE -mGLOB_offload_mode=1 -mP2OPT_offload_unique_var_string=icc1755524832rvJflb -mP2OPT_hlo_level=2 -mP2OPT_hlo -mP2OPT_hpo_rtt_control=0 -mIPOPT_args_in_regs=0 -mP2OPT_disam_assume_nonstd_intent_in=FALSE -mGLOB_imf_mapping_library=/rwthfs/rz/SW/intel/Compiler/19.1/3.304/compilers_and_libraries_2020.4.304/linux/bin/intel64/libiml_attr.so -mPGOPTI_gen_threadsafe_level=0 -mIPOPT_lto_object_enabled -mIPOPT_lto_object_value=1 -mIPOPT_obj_output_file_name=CMakeFiles/cmTC_7b65c.dir/CMakeCCompilerABI.c.o -mIPOPT_whole_archive_fixup_file_name=/tmp/ar146294/login2_27994/iccwarchTkDVLa -mGLOB_linker_version=2.27 -mGLOB_linker=ld -mGLOB_driver_tempfile_name=/tmp/ar146294/login2_27994/icctempfilehYgcSL -mP3OPT_asm_target=P3OPT_ASM_TARGET_GAS -mGLOB_async_unwind_tables=TRUE -mGLOB_obj_output_file=CMakeFiles/cmTC_7b65c.dir/CMakeCCompilerABI.c.o -mGLOB_source_dialect=GLOB_SOURCE_DIALECT_C -mP1OPT_source_file_name=/rwthfs/rz/SW/UTIL.common/cmake/cmake-3.21.1-linux-x86_64/share/cmake-3.21/Modules/CMakeCCompilerABI.c -mP1OPT_full_source_file_name=/rwthfs/rz/SW/UTIL.common/cmake/cmake-3.21.1-linux-x86_64/share/cmake-3.21/Modules/CMakeCCompilerABI.c /rwthfs/rz/SW/UTIL.common/cmake/cmake-3.21.1-linux-x86_64/share/cmake-3.21/Modules/CMakeCCompilerABI.c
#include "..." search starts here:
#include <...> search starts here:
 /opt/intel/Compiler/19.1/3.304/rwthlnk/pstl/include
 /opt/intel/Compiler/19.1/3.304/rwthlnk/pstl/include
 /opt/intel/Compiler/19.1/3.304/rwthlnk/pstl/stdlib
 /opt/intel/Compiler/19.1/3.304/rwthlnk/daal/include
 /opt/intel/Compiler/19.1/3.304/rwthlnk/ipp/include
 /opt/intel/Compiler/19.1/3.304/rwthlnk/mkl/include
 /opt/intel/Compiler/19.1/3.304/rwthlnk/tbb/include
 /rwthfs/rz/SW/intel/Compiler/19.1/3.304/compilers_and_libraries_2020.4.304/linux/compiler/include/intel64
 /rwthfs/rz/SW/intel/Compiler/19.1/3.304/compilers_and_libraries_2020.4.304/linux/compiler/include/icc
 /rwthfs/rz/SW/intel/Compiler/19.1/3.304/compilers_and_libraries_2020.4.304/linux/compiler/include
 /usr/local/include
 /usr/lib/gcc/x86_64-redhat-linux/4.8.5/include
 /usr/include/
 /usr/include
End of search list.
Linking C executable cmTC_7b65c
/rwthfs/rz/SW/UTIL.common/cmake/cmake-3.21.1-linux-x86_64/bin/cmake -E cmake_link_script CMakeFiles/cmTC_7b65c.dir/link.txt --verbose=1
/opt/intel/Compiler/19.1/3.304/rwthlnk/bin/intel64/icc  -v -rdynamic CMakeFiles/cmTC_7b65c.dir/CMakeCCompilerABI.c.o -o cmTC_7b65c 
icc version 19.1.3.304 (gcc version 4.8.5 compatibility)
/rwthfs/rz/SW/intel/Compiler/19.1/3.304/compilers_and_libraries_2020.4.304/linux/bin/intel64/mcpcom    -mGLOB_em64t=TRUE -mP1OPT_version=19.1-intel64 -mGLOB_diag_file=CMakeFiles/cmTC_7b65c.dir/CMakeCCompilerABI.c.diag -mGLOB_long_size_64 -mGLOB_routine_pointer_size_64 -mP1OPT_print_version=FALSE -mCG_use_gas_got_workaround=F -mP2OPT_align_option_used=TRUE -mGLOB_gcc_version=485 "-mGLOB_options_string=-v -rdynamic -o cmTC_7b65c" -mGLOB_cxx_limited_range=FALSE -mCG_extend_parms=FALSE -mGLOB_compiler_bin_directory=/rwthfs/rz/SW/intel/Compiler/19.1/3.304/compilers_and_libraries_2020.4.304/linux/bin/intel64 -mGLOB_as_output_backup_file_name=/tmp/ar146294/login2_27994/iccUwmexJas_.s -mGLOB_dashboard_use_source_name -mIPOPT_activate -mGLOB_product_id_code=0x22006d93 -mP3OPT_use_mspp_call_convention -mP2OPT_subs_out_of_bound=FALSE -mP2OPT_disam_type_based_disam=2 -mP2OPT_disam_assume_ansi_c -mP2OPT_checked_disam_ansi_alias=TRUE -mGLOB_ansi_alias -mPGOPTI_value_profile_use=T -mGLOB_opt_report_use_source_name -mP2OPT_il0_array_sections=TRUE -mGLOB_offload_mode=1 -mP2OPT_offload_unique_var_string=icc1655384961PmR4lr -mP2OPT_hlo -mP2OPT_hpo_rtt_control=0 -mIPOPT_args_in_regs=0 -mP2OPT_disam_assume_nonstd_intent_in=FALSE -mGLOB_imf_mapping_library=/rwthfs/rz/SW/intel/Compiler/19.1/3.304/compilers_and_libraries_2020.4.304/linux/bin/intel64/libiml_attr.so -mPGOPTI_gen_threadsafe_level=0 -mIPOPT_link -mIPOPT_ipo_activate -mIPOPT_mo_activate -mIPOPT_source_files_list=/tmp/ar146294/login2_27994/iccsliskpWrqw -mIPOPT_mo_global_data -mIPOPT_link_script_file=/tmp/ar146294/login2_27994/iccscriptSJ3NY7 "-mIPOPT_cmdline_link="/usr/lib/gcc/x86_64-redhat-linux/4.8.5/../../../../lib64/crt1.o" "/usr/lib/gcc/x86_64-redhat-linux/4.8.5/../../../../lib64/crti.o" "/usr/lib/gcc/x86_64-redhat-linux/4.8.5/crtbegin.o" "-export-dynamic" "--eh-frame-hdr" "--build-id" "-dynamic-linker" "/lib64/ld-linux-x86-64.so.2" "-m" "elf_x86_64" "-o" "cmTC_7b65c" "-L/opt/intel/Compiler/19.1/3.304/rwthlnk/daal/lib/intel64_lin" "-L/opt/intel/Compiler/19.1/3.304/rwthlnk/daal/lib/ia32_lin" "-L/opt/intel/Compiler/19.1/3.304/rwthlnk/ipp/lib/intel64_lin" "-L/opt/intel/Compiler/19.1/3.304/rwthlnk/ipp/lib/ia32_lin" "-L/opt/intel/Compiler/19.1/3.304/rwthlnk/mkl/lib/intel64_lin" "-L/opt/intel/Compiler/19.1/3.304/rwthlnk/mkl/lib/ia32_lin" "-L/opt/intel/Compiler/19.1/3.304/rwthlnk/tbb/lib/intel64_lin/gcc4.7" "-L/opt/intel/Compiler/19.1/3.304/rwthlnk/tbb/lib/ia32_lin/gcc4.7" "-L/rwthfs/rz/SW/intel/Compiler/19.1/3.304/compilers_and_libraries_2020.4.304/linux/compiler/lib/intel64_lin" "-L/usr/lib/gcc/x86_64-redhat-linux/4.8.5/" "-L/usr/lib/gcc/x86_64-redhat-linux/4.8.5/../../../../lib64" "-L/usr/lib/gcc/x86_64-redhat-linux/4.8.5/../../../../lib64/" "-L/lib/../lib64" "-L/lib/../lib64/" "-L/usr/lib/../lib64" "-L/usr/lib/../lib64/" "-L/opt/intel/Compiler/19.1/3.304/rwthlnk/daal/lib/intel64_lin/" "-L/opt/intel/Compiler/19.1/3.304/rwthlnk/daal/lib/ia32_lin/" "-L/opt/intel/Compiler/19.1/3.304/rwthlnk/ipp/lib/intel64_lin/" "-L/opt/intel/Compiler/19.1/3.304/rwthlnk/ipp/lib/ia32_lin/" "-L/opt/intel/Compiler/19.1/3.304/rwthlnk/mkl/lib/intel64_lin/" "-L/opt/intel/Compiler/19.1/3.304/rwthlnk/mkl/lib/ia32_lin/" "-L/usr/lib/gcc/x86_64-redhat-linux/4.8.5/../../../" "-L/lib64" "-L/lib/" "-L/usr/lib64" "-L/usr/lib" "CMakeFiles/cmTC_7b65c.dir/CMakeCCompilerABI.c.o" "-Bdynamic" "-Bstatic" "-limf" "-lsvml" "-lirng" "-Bdynamic" "-lm" "-Bstatic" "-lipgo" "-ldecimal" "--as-needed" "-Bdynamic" "-lcilkrts" "-lstdc++" "--no-as-needed" "-lgcc" "-lgcc_s" "-Bstatic" "-lirc" "-lsvml" "-Bdynamic" "-lc" "-lgcc" "-lgcc_s" "-Bstatic" "-lirc_s" "-Bdynamic" "-ldl" "-lc" "/usr/lib/gcc/x86_64-redhat-linux/4.8.5/crtend.o" "/usr/lib/gcc/x86_64-redhat-linux/4.8.5/../../../../lib64/crtn.o"" -mIPOPT_il_in_obj -mIPOPT_ipo_activate_warn=FALSE -mIPOPT_obj_output_file_name=/tmp/ar146294/login2_27994/ipo_iccXkXT7S.o -mIPOPT_whole_archive_fixup_file_name=/tmp/ar146294/login2_27994/iccwarchVkOUEW -mGLOB_linker_version=2.27 -mGLOB_linker=ld -mGLOB_driver_tempfile_name=/tmp/ar146294/login2_27994/icctempfileqH4bey -mP3OPT_asm_target=P3OPT_ASM_TARGET_GAS -mGLOB_async_unwind_tables=TRUE -mGLOB_obj_output_file=/tmp/ar146294/login2_27994/ipo_iccXkXT7S.o -mGLOB_source_dialect=GLOB_SOURCE_DIALECT_NONE -mP1OPT_source_file_name=ipo_out.c CMakeFiles/cmTC_7b65c.dir/CMakeCCompilerABI.c.o -mIPOPT_object_files=T -mIPOPT_assembly_files=/tmp/ar146294/login2_27994/iccalisohnMd6 -mIPOPT_generated_tempfiles=/tmp/ar146294/login2_27994/iccelisZ37OLH -mIPOPT_embedded_object_base_name=/tmp/ar146294/login2_27994/icceobjGFQWjj -mIPOPT_cmdline_link_new_name=/tmp/ar146294/login2_27994/iccllisxaF9RU
ld    /usr/lib/gcc/x86_64-redhat-linux/4.8.5/../../../../lib64/crt1.o /usr/lib/gcc/x86_64-redhat-linux/4.8.5/../../../../lib64/crti.o /usr/lib/gcc/x86_64-redhat-linux/4.8.5/crtbegin.o -export-dynamic --eh-frame-hdr --build-id -dynamic-linker /lib64/ld-linux-x86-64.so.2 -m elf_x86_64 -o cmTC_7b65c -L/opt/intel/Compiler/19.1/3.304/rwthlnk/daal/lib/intel64_lin -L/opt/intel/Compiler/19.1/3.304/rwthlnk/daal/lib/ia32_lin -L/opt/intel/Compiler/19.1/3.304/rwthlnk/ipp/lib/intel64_lin -L/opt/intel/Compiler/19.1/3.304/rwthlnk/ipp/lib/ia32_lin -L/opt/intel/Compiler/19.1/3.304/rwthlnk/mkl/lib/intel64_lin -L/opt/intel/Compiler/19.1/3.304/rwthlnk/mkl/lib/ia32_lin -L/opt/intel/Compiler/19.1/3.304/rwthlnk/tbb/lib/intel64_lin/gcc4.7 -L/opt/intel/Compiler/19.1/3.304/rwthlnk/tbb/lib/ia32_lin/gcc4.7 -L/rwthfs/rz/SW/intel/Compiler/19.1/3.304/compilers_and_libraries_2020.4.304/linux/compiler/lib/intel64_lin -L/usr/lib/gcc/x86_64-redhat-linux/4.8.5/ -L/usr/lib/gcc/x86_64-redhat-linux/4.8.5/../../../../lib64 -L/usr/lib/gcc/x86_64-redhat-linux/4.8.5/../../../../lib64/ -L/lib/../lib64 -L/lib/../lib64/ -L/usr/lib/../lib64 -L/usr/lib/../lib64/ -L/opt/intel/Compiler/19.1/3.304/rwthlnk/daal/lib/intel64_lin/ -L/opt/intel/Compiler/19.1/3.304/rwthlnk/daal/lib/ia32_lin/ -L/opt/intel/Compiler/19.1/3.304/rwthlnk/ipp/lib/intel64_lin/ -L/opt/intel/Compiler/19.1/3.304/rwthlnk/ipp/lib/ia32_lin/ -L/opt/intel/Compiler/19.1/3.304/rwthlnk/mkl/lib/intel64_lin/ -L/opt/intel/Compiler/19.1/3.304/rwthlnk/mkl/lib/ia32_lin/ -L/usr/lib/gcc/x86_64-redhat-linux/4.8.5/../../../ -L/lib64 -L/lib/ -L/usr/lib64 -L/usr/lib CMakeFiles/cmTC_7b65c.dir/CMakeCCompilerABI.c.o -Bdynamic -Bstatic -limf -lsvml -lirng -Bdynamic -lm -Bstatic -lipgo -ldecimal --as-needed -Bdynamic -lcilkrts -lstdc++ --no-as-needed -lgcc -lgcc_s -Bstatic -lirc -lsvml -Bdynamic -lc -lgcc -lgcc_s -Bstatic -lirc_s -Bdynamic -ldl -lc /usr/lib/gcc/x86_64-redhat-linux/4.8.5/crtend.o /usr/lib/gcc/x86_64-redhat-linux/4.8.5/../../../../lib64/crtn.o
gmake[1]: Leaving directory `/rwthfs/rz/cluster/home/ar146294/TEACHING/parcomp/exercise/final-project-disk/skeleton/Online_Submission/solver-mpi/build/CMakeFiles/CMakeTmp'



Parsed C implicit include dir info from above output: rv=done
  found start of include info
  found start of implicit include info
    add: [/opt/intel/Compiler/19.1/3.304/rwthlnk/pstl/include]
    add: [/opt/intel/Compiler/19.1/3.304/rwthlnk/pstl/include]
    add: [/opt/intel/Compiler/19.1/3.304/rwthlnk/pstl/stdlib]
    add: [/opt/intel/Compiler/19.1/3.304/rwthlnk/daal/include]
    add: [/opt/intel/Compiler/19.1/3.304/rwthlnk/ipp/include]
    add: [/opt/intel/Compiler/19.1/3.304/rwthlnk/mkl/include]
    add: [/opt/intel/Compiler/19.1/3.304/rwthlnk/tbb/include]
    add: [/rwthfs/rz/SW/intel/Compiler/19.1/3.304/compilers_and_libraries_2020.4.304/linux/compiler/include/intel64]
    add: [/rwthfs/rz/SW/intel/Compiler/19.1/3.304/compilers_and_libraries_2020.4.304/linux/compiler/include/icc]
    add: [/rwthfs/rz/SW/intel/Compiler/19.1/3.304/compilers_and_libraries_2020.4.304/linux/compiler/include]
    add: [/usr/local/include]
    add: [/usr/lib/gcc/x86_64-redhat-linux/4.8.5/include]
    add: [/usr/include/]
    add: [/usr/include]
  end of search list found
  collapse include dir [/opt/intel/Compiler/19.1/3.304/rwthlnk/pstl/include] ==> [/opt/intel/Compiler/19.1/3.304/rwthlnk/pstl/include]
  collapse include dir [/opt/intel/Compiler/19.1/3.304/rwthlnk/pstl/include] ==> [/opt/intel/Compiler/19.1/3.304/rwthlnk/pstl/include]
  collapse include dir [/opt/intel/Compiler/19.1/3.304/rwthlnk/pstl/stdlib] ==> [/opt/intel/Compiler/19.1/3.304/rwthlnk/pstl/stdlib]
  collapse include dir [/opt/intel/Compiler/19.1/3.304/rwthlnk/daal/include] ==> [/opt/intel/Compiler/19.1/3.304/rwthlnk/daal/include]
  collapse include dir [/opt/intel/Compiler/19.1/3.304/rwthlnk/ipp/include] ==> [/opt/intel/Compiler/19.1/3.304/rwthlnk/ipp/include]
  collapse include dir [/opt/intel/Compiler/19.1/3.304/rwthlnk/mkl/include] ==> [/opt/intel/Compiler/19.1/3.304/rwthlnk/mkl/include]
  collapse include dir [/opt/intel/Compiler/19.1/3.304/rwthlnk/tbb/include] ==> [/opt/intel/Compiler/19.1/3.304/rwthlnk/tbb/include]
  collapse include dir [/rwthfs/rz/SW/intel/Compiler/19.1/3.304/compilers_and_libraries_2020.4.304/linux/compiler/include/intel64] ==> [/rwthfs/rz/SW/intel/Compiler/19.1/3.304/compilers_and_libraries_2020.4.304/linux/compiler/include/intel64]
  collapse include dir [/rwthfs/rz/SW/intel/Compiler/19.1/3.304/compilers_and_libraries_2020.4.304/linux/compiler/include/icc] ==> [/rwthfs/rz/SW/intel/Compiler/19.1/3.304/compilers_and_libraries_2020.4.304/linux/compiler/include/icc]
  collapse include dir [/rwthfs/rz/SW/intel/Compiler/19.1/3.304/compilers_and_libraries_2020.4.304/linux/compiler/include] ==> [/rwthfs/rz/SW/intel/Compiler/19.1/3.304/compilers_and_libraries_2020.4.304/linux/compiler/include]
  collapse include dir [/usr/local/include] ==> [/usr/local/include]
  collapse include dir [/usr/lib/gcc/x86_64-redhat-linux/4.8.5/include] ==> [/usr/lib/gcc/x86_64-redhat-linux/4.8.5/include]
  collapse include dir [/usr/include/] ==> [/usr/include]
  collapse include dir [/usr/include] ==> [/usr/include]
  implicit include dirs: [/opt/intel/Compiler/19.1/3.304/rwthlnk/pstl/include;/opt/intel/Compiler/19.1/3.304/rwthlnk/pstl/stdlib;/opt/intel/Compiler/19.1/3.304/rwthlnk/daal/include;/opt/intel/Compiler/19.1/3.304/rwthlnk/ipp/include;/opt/intel/Compiler/19.1/3.304/rwthlnk/mkl/include;/opt/intel/Compiler/19.1/3.304/rwthlnk/tbb/include;/rwthfs/rz/SW/intel/Compiler/19.1/3.304/compilers_and_libraries_2020.4.304/linux/compiler/include/intel64;/rwthfs/rz/SW/intel/Compiler/19.1/3.304/compilers_and_libraries_2020.4.304/linux/compiler/include/icc;/rwthfs/rz/SW/intel/Compiler/19.1/3.304/compilers_and_libraries_2020.4.304/linux/compiler/include;/usr/local/include;/usr/lib/gcc/x86_64-redhat-linux/4.8.5/include;/usr/include]


Parsed C implicit link information from above output:
  link line regex: [^( *|.*[/\])(ld|CMAKE_LINK_STARTFILE-NOTFOUND|([^/\]+-)?ld|collect2)[^/\]*( |$)]
  ignore line: [Change Dir: /home/ar146294/TEACHING/parcomp/exercise/final-project-disk/skeleton/Online_Submission/solver-mpi/build/CMakeFiles/CMakeTmp]
  ignore line: []
  ignore line: [Run Build Command(s):/usr/local_rwth/bin/gmake -f Makefile cmTC_7b65c/fast && /usr/local_rwth/bin/gmake  -f CMakeFiles/cmTC_7b65c.dir/build.make CMakeFiles/cmTC_7b65c.dir/build]
  ignore line: [gmake[1]: Entering directory `/rwthfs/rz/cluster/home/ar146294/TEACHING/parcomp/exercise/final-project-disk/skeleton/Online_Submission/solver-mpi/build/CMakeFiles/CMakeTmp']
  ignore line: [Building C object CMakeFiles/cmTC_7b65c.dir/CMakeCCompilerABI.c.o]
  ignore line: [/opt/intel/Compiler/19.1/3.304/rwthlnk/bin/intel64/icc   -v -MD -MT CMakeFiles/cmTC_7b65c.dir/CMakeCCompilerABI.c.o -MF CMakeFiles/cmTC_7b65c.dir/CMakeCCompilerABI.c.o.d -o CMakeFiles/cmTC_7b65c.dir/CMakeCCompilerABI.c.o -c /rwthfs/rz/SW/UTIL.common/cmake/cmake-3.21.1-linux-x86_64/share/cmake-3.21/Modules/CMakeCCompilerABI.c]
  ignore line: [icc version 19.1.3.304 (gcc version 4.8.5 compatibility)]
  ignore line: [/rwthfs/rz/SW/intel/Compiler/19.1/3.304/compilers_and_libraries_2020.4.304/linux/bin/intel64/mcpcom    --target_efi2 --lang=c -oCMakeFiles/cmTC_7b65c.dir/CMakeCCompilerABI.c.o -_g -mP3OPT_inline_alloca -D__ICC=1910 -D__INTEL_COMPILER=1910 -D__INTEL_COMPILER_UPDATE=3 -D__PTRDIFF_TYPE__=long "-D__SIZE_TYPE__=unsigned long" -D__WCHAR_TYPE__=int "-D__WINT_TYPE__=unsigned int" "-D__INTMAX_TYPE__=long int" "-D__UINTMAX_TYPE__=long unsigned int" -D__LONG_MAX__=9223372036854775807L -D__QMSPP_ -D__OPTIMIZE__ -D__NO_MATH_INLINES -D__NO_STRING_INLINES -D__GNUC_GNU_INLINE__ -D__GNUC__=4 -D__GNUC_MINOR__=8 -D__GNUC_PATCHLEVEL__=5 -D__LP64__ -D_LP64 -D__GXX_ABI_VERSION=1002 "-D__USER_LABEL_PREFIX__= " -D__REGISTER_PREFIX__= -D__INTEL_RTTI__ -D__unix__ -D__unix -D__linux__ -D__linux -D__gnu_linux__ -B -Dunix -Dlinux "-_Asystem(unix)" -D__ELF__ -D__x86_64 -D__x86_64__ -D__amd64 -D__amd64__ "-_Acpu(x86_64)" "-_Amachine(x86_64)" -D__INTEL_COMPILER_BUILD_DATE=20200925 -D__INTEL_OFFLOAD -D__MMX__ -D__SSE__ -D__SSE_MATH__ -D__SSE2__ -D__SSE2_MATH__ -D__pentium4 -D__pentium4__ -D__tune_pentium4__ -_k -_8 -_l --has_new_stdarg_support -_a -_b --gnu_version=40805 -_W5 --openmp_simd --dependency_file_name CMakeFiles/cmTC_7b65c.dir/CMakeCCompilerABI.c.o.d --compile_dependencies --dependency_target_name CMakeFiles/cmTC_7b65c.dir/CMakeCCompilerABI.c.o --multibyte_chars -mGLOB_diag_suppress_sys --system_preinclude /usr/include/stdc-predef.h -I/opt/intel/Compiler/19.1/3.304/rwthlnk/pstl/include -I/opt/intel/Compiler/19.1/3.304/rwthlnk/pstl/include -I/opt/intel/Compiler/19.1/3.304/rwthlnk/pstl/stdlib -I/opt/intel/Compiler/19.1/3.304/rwthlnk/daal/include -I/opt/intel/Compiler/19.1/3.304/rwthlnk/ipp/include -I/opt/intel/Compiler/19.1/3.304/rwthlnk/mkl/include -I/opt/intel/Compiler/19.1/3.304/rwthlnk/tbb/include --array_section --simd --simd_func --offload_mode=1 --offload_target_names=mic MIC --offload_unique_string=icc1755524832rvJflb -mGLOB_em64t=TRUE -mP1OPT_version=19.1-intel64 -mGLOB_diag_file=CMakeFiles/cmTC_7b65c.dir/CMakeCCompilerABI.c.diag -mGLOB_long_size_64 -mGLOB_routine_pointer_size_64 -mP1OPT_print_version=FALSE -mCG_use_gas_got_workaround=F -mP2OPT_align_option_used=TRUE -mGLOB_gcc_version=485 "-mGLOB_options_string=-v -MD -MT CMakeFiles/cmTC_7b65c.dir/CMakeCCompilerABI.c.o -MF CMakeFiles/cmTC_7b65c.dir/CMakeCCompilerABI.c.o.d -o CMakeFiles/cmTC_7b65c.dir/CMakeCCompilerABI.c.o -c" -mGLOB_cxx_limited_range=FALSE -mCG_extend_parms=FALSE -mGLOB_compiler_bin_directory=/rwthfs/rz/SW/intel/Compiler/19.1/3.304/compilers_and_libraries_2020.4.304/linux/bin/intel64 -mGLOB_as_output_backup_file_name=/tmp/ar146294/login2_27994/iccll06zYas_.s -mIPOPT_activate -mIPOPT_lite -mGLOB_uarch_tuning=0x0 -mGLOB_product_id_code=0x22006d93 -mCG_bnl_movbe=T -mP3OPT_use_mspp_call_convention -mP2OPT_subs_out_of_bound=FALSE -mP2OPT_disam_type_based_disam=2 -mP2OPT_disam_assume_ansi_c -mP2OPT_checked_disam_ansi_alias=TRUE -mGLOB_ansi_alias -mPGOPTI_value_profile_use=T -mP2OPT_il0_array_sections=TRUE -mGLOB_offload_mode=1 -mP2OPT_offload_unique_var_string=icc1755524832rvJflb -mP2OPT_hlo_level=2 -mP2OPT_hlo -mP2OPT_hpo_rtt_control=0 -mIPOPT_args_in_regs=0 -mP2OPT_disam_assume_nonstd_intent_in=FALSE -mGLOB_imf_mapping_library=/rwthfs/rz/SW/intel/Compiler/19.1/3.304/compilers_and_libraries_2020.4.304/linux/bin/intel64/libiml_attr.so -mPGOPTI_gen_threadsafe_level=0 -mIPOPT_lto_object_enabled -mIPOPT_lto_object_value=1 -mIPOPT_obj_output_file_name=CMakeFiles/cmTC_7b65c.dir/CMakeCCompilerABI.c.o -mIPOPT_whole_archive_fixup_file_name=/tmp/ar146294/login2_27994/iccwarchTkDVLa -mGLOB_linker_version=2.27 -mGLOB_linker=ld -mGLOB_driver_tempfile_name=/tmp/ar146294/login2_27994/icctempfilehYgcSL -mP3OPT_asm_target=P3OPT_ASM_TARGET_GAS -mGLOB_async_unwind_tables=TRUE -mGLOB_obj_output_file=CMakeFiles/cmTC_7b65c.dir/CMakeCCompilerABI.c.o -mGLOB_source_dialect=GLOB_SOURCE_DIALECT_C -mP1OPT_source_file_name=/rwthfs/rz/SW/UTIL.common/cmake/cmake-3.21.1-linux-x86_64/share/cmake-3.21/Modules/CMakeCCompilerABI.c -mP1OPT_full_source_file_name=/rwthfs/rz/SW/UTIL.common/cmake/cmake-3.21.1-linux-x86_64/share/cmake-3.21/Modules/CMakeCCompilerABI.c /rwthfs/rz/SW/UTIL.common/cmake/cmake-3.21.1-linux-x86_64/share/cmake-3.21/Modules/CMakeCCompilerABI.c]
  ignore line: [#include "..." search starts here:]
  ignore line: [#include <...> search starts here:]
  ignore line: [ /opt/intel/Compiler/19.1/3.304/rwthlnk/pstl/include]
  ignore line: [ /opt/intel/Compiler/19.1/3.304/rwthlnk/pstl/include]
  ignore line: [ /opt/intel/Compiler/19.1/3.304/rwthlnk/pstl/stdlib]
  ignore line: [ /opt/intel/Compiler/19.1/3.304/rwthlnk/daal/include]
  ignore line: [ /opt/intel/Compiler/19.1/3.304/rwthlnk/ipp/include]
  ignore line: [ /opt/intel/Compiler/19.1/3.304/rwthlnk/mkl/include]
  ignore line: [ /opt/intel/Compiler/19.1/3.304/rwthlnk/tbb/include]
  ignore line: [ /rwthfs/rz/SW/intel/Compiler/19.1/3.304/compilers_and_libraries_2020.4.304/linux/compiler/include/intel64]
  ignore line: [ /rwthfs/rz/SW/intel/Compiler/19.1/3.304/compilers_and_libraries_2020.4.304/linux/compiler/include/icc]
  ignore line: [ /rwthfs/rz/SW/intel/Compiler/19.1/3.304/compilers_and_libraries_2020.4.304/linux/compiler/include]
  ignore line: [ /usr/local/include]
  ignore line: [ /usr/lib/gcc/x86_64-redhat-linux/4.8.5/include]
  ignore line: [ /usr/include/]
  ignore line: [ /usr/include]
  ignore line: [End of search list.]
  ignore line: [Linking C executable cmTC_7b65c]
  ignore line: [/rwthfs/rz/SW/UTIL.common/cmake/cmake-3.21.1-linux-x86_64/bin/cmake -E cmake_link_script CMakeFiles/cmTC_7b65c.dir/link.txt --verbose=1]
  ignore line: [/opt/intel/Compiler/19.1/3.304/rwthlnk/bin/intel64/icc  -v -rdynamic CMakeFiles/cmTC_7b65c.dir/CMakeCCompilerABI.c.o -o cmTC_7b65c ]
  ignore line: [icc version 19.1.3.304 (gcc version 4.8.5 compatibility)]
  ignore line: [/rwthfs/rz/SW/intel/Compiler/19.1/3.304/compilers_and_libraries_2020.4.304/linux/bin/intel64/mcpcom    -mGLOB_em64t=TRUE -mP1OPT_version=19.1-intel64 -mGLOB_diag_file=CMakeFiles/cmTC_7b65c.dir/CMakeCCompilerABI.c.diag -mGLOB_long_size_64 -mGLOB_routine_pointer_size_64 -mP1OPT_print_version=FALSE -mCG_use_gas_got_workaround=F -mP2OPT_align_option_used=TRUE -mGLOB_gcc_version=485 "-mGLOB_options_string=-v -rdynamic -o cmTC_7b65c" -mGLOB_cxx_limited_range=FALSE -mCG_extend_parms=FALSE -mGLOB_compiler_bin_directory=/rwthfs/rz/SW/intel/Compiler/19.1/3.304/compilers_and_libraries_2020.4.304/linux/bin/intel64 -mGLOB_as_output_backup_file_name=/tmp/ar146294/login2_27994/iccUwmexJas_.s -mGLOB_dashboard_use_source_name -mIPOPT_activate -mGLOB_product_id_code=0x22006d93 -mP3OPT_use_mspp_call_convention -mP2OPT_subs_out_of_bound=FALSE -mP2OPT_disam_type_based_disam=2 -mP2OPT_disam_assume_ansi_c -mP2OPT_checked_disam_ansi_alias=TRUE -mGLOB_ansi_alias -mPGOPTI_value_profile_use=T -mGLOB_opt_report_use_source_name -mP2OPT_il0_array_sections=TRUE -mGLOB_offload_mode=1 -mP2OPT_offload_unique_var_string=icc1655384961PmR4lr -mP2OPT_hlo -mP2OPT_hpo_rtt_control=0 -mIPOPT_args_in_regs=0 -mP2OPT_disam_assume_nonstd_intent_in=FALSE -mGLOB_imf_mapping_library=/rwthfs/rz/SW/intel/Compiler/19.1/3.304/compilers_and_libraries_2020.4.304/linux/bin/intel64/libiml_attr.so -mPGOPTI_gen_threadsafe_level=0 -mIPOPT_link -mIPOPT_ipo_activate -mIPOPT_mo_activate -mIPOPT_source_files_list=/tmp/ar146294/login2_27994/iccsliskpWrqw -mIPOPT_mo_global_data -mIPOPT_link_script_file=/tmp/ar146294/login2_27994/iccscriptSJ3NY7 "-mIPOPT_cmdline_link="/usr/lib/gcc/x86_64-redhat-linux/4.8.5/../../../../lib64/crt1.o" "/usr/lib/gcc/x86_64-redhat-linux/4.8.5/../../../../lib64/crti.o" "/usr/lib/gcc/x86_64-redhat-linux/4.8.5/crtbegin.o" "-export-dynamic" "--eh-frame-hdr" "--build-id" "-dynamic-linker" "/lib64/ld-linux-x86-64.so.2" "-m" "elf_x86_64" "-o" "cmTC_7b65c" "-L/opt/intel/Compiler/19.1/3.304/rwthlnk/daal/lib/intel64_lin" "-L/opt/intel/Compiler/19.1/3.304/rwthlnk/daal/lib/ia32_lin" "-L/opt/intel/Compiler/19.1/3.304/rwthlnk/ipp/lib/intel64_lin" "-L/opt/intel/Compiler/19.1/3.304/rwthlnk/ipp/lib/ia32_lin" "-L/opt/intel/Compiler/19.1/3.304/rwthlnk/mkl/lib/intel64_lin" "-L/opt/intel/Compiler/19.1/3.304/rwthlnk/mkl/lib/ia32_lin" "-L/opt/intel/Compiler/19.1/3.304/rwthlnk/tbb/lib/intel64_lin/gcc4.7" "-L/opt/intel/Compiler/19.1/3.304/rwthlnk/tbb/lib/ia32_lin/gcc4.7" "-L/rwthfs/rz/SW/intel/Compiler/19.1/3.304/compilers_and_libraries_2020.4.304/linux/compiler/lib/intel64_lin" "-L/usr/lib/gcc/x86_64-redhat-linux/4.8.5/" "-L/usr/lib/gcc/x86_64-redhat-linux/4.8.5/../../../../lib64" "-L/usr/lib/gcc/x86_64-redhat-linux/4.8.5/../../../../lib64/" "-L/lib/../lib64" "-L/lib/../lib64/" "-L/usr/lib/../lib64" "-L/usr/lib/../lib64/" "-L/opt/intel/Compiler/19.1/3.304/rwthlnk/daal/lib/intel64_lin/" "-L/opt/intel/Compiler/19.1/3.304/rwthlnk/daal/lib/ia32_lin/" "-L/opt/intel/Compiler/19.1/3.304/rwthlnk/ipp/lib/intel64_lin/" "-L/opt/intel/Compiler/19.1/3.304/rwthlnk/ipp/lib/ia32_lin/" "-L/opt/intel/Compiler/19.1/3.304/rwthlnk/mkl/lib/intel64_lin/" "-L/opt/intel/Compiler/19.1/3.304/rwthlnk/mkl/lib/ia32_lin/" "-L/usr/lib/gcc/x86_64-redhat-linux/4.8.5/../../../" "-L/lib64" "-L/lib/" "-L/usr/lib64" "-L/usr/lib" "CMakeFiles/cmTC_7b65c.dir/CMakeCCompilerABI.c.o" "-Bdynamic" "-Bstatic" "-limf" "-lsvml" "-lirng" "-Bdynamic" "-lm" "-Bstatic" "-lipgo" "-ldecimal" "--as-needed" "-Bdynamic" "-lcilkrts" "-lstdc++" "--no-as-needed" "-lgcc" "-lgcc_s" "-Bstatic" "-lirc" "-lsvml" "-Bdynamic" "-lc" "-lgcc" "-lgcc_s" "-Bstatic" "-lirc_s" "-Bdynamic" "-ldl" "-lc" "/usr/lib/gcc/x86_64-redhat-linux/4.8.5/crtend.o" "/usr/lib/gcc/x86_64-redhat-linux/4.8.5/../../../../lib64/crtn.o"" -mIPOPT_il_in_obj -mIPOPT_ipo_activate_warn=FALSE -mIPOPT_obj_output_file_name=/tmp/ar146294/login2_27994/ipo_iccXkXT7S.o -mIPOPT_whole_archive_fixup_file_name=/tmp/ar146294/login2_27994/iccwarchVkOUEW -mGLOB_linker_version=2.27 -mGLOB_linker=ld -mGLOB_driver_tempfile_name=/tmp/ar146294/login2_27994/icctempfileqH4bey -mP3OPT_asm_target=P3OPT_ASM_TARGET_GAS -mGLOB_async_unwind_tables=TRUE -mGLOB_obj_output_file=/tmp/ar146294/login2_27994/ipo_iccXkXT7S.o -mGLOB_source_dialect=GLOB_SOURCE_DIALECT_NONE -mP1OPT_source_file_name=ipo_out.c CMakeFiles/cmTC_7b65c.dir/CMakeCCompilerABI.c.o -mIPOPT_object_files=T -mIPOPT_assembly_files=/tmp/ar146294/login2_27994/iccalisohnMd6 -mIPOPT_generated_tempfiles=/tmp/ar146294/login2_27994/iccelisZ37OLH -mIPOPT_embedded_object_base_name=/tmp/ar146294/login2_27994/icceobjGFQWjj -mIPOPT_cmdline_link_new_name=/tmp/ar146294/login2_27994/iccllisxaF9RU]
  link line: [ld    /usr/lib/gcc/x86_64-redhat-linux/4.8.5/../../../../lib64/crt1.o /usr/lib/gcc/x86_64-redhat-linux/4.8.5/../../../../lib64/crti.o /usr/lib/gcc/x86_64-redhat-linux/4.8.5/crtbegin.o -export-dynamic --eh-frame-hdr --build-id -dynamic-linker /lib64/ld-linux-x86-64.so.2 -m elf_x86_64 -o cmTC_7b65c -L/opt/intel/Compiler/19.1/3.304/rwthlnk/daal/lib/intel64_lin -L/opt/intel/Compiler/19.1/3.304/rwthlnk/daal/lib/ia32_lin -L/opt/intel/Compiler/19.1/3.304/rwthlnk/ipp/lib/intel64_lin -L/opt/intel/Compiler/19.1/3.304/rwthlnk/ipp/lib/ia32_lin -L/opt/intel/Compiler/19.1/3.304/rwthlnk/mkl/lib/intel64_lin -L/opt/intel/Compiler/19.1/3.304/rwthlnk/mkl/lib/ia32_lin -L/opt/intel/Compiler/19.1/3.304/rwthlnk/tbb/lib/intel64_lin/gcc4.7 -L/opt/intel/Compiler/19.1/3.304/rwthlnk/tbb/lib/ia32_lin/gcc4.7 -L/rwthfs/rz/SW/intel/Compiler/19.1/3.304/compilers_and_libraries_2020.4.304/linux/compiler/lib/intel64_lin -L/usr/lib/gcc/x86_64-redhat-linux/4.8.5/ -L/usr/lib/gcc/x86_64-redhat-linux/4.8.5/../../../../lib64 -L/usr/lib/gcc/x86_64-redhat-linux/4.8.5/../../../../lib64/ -L/lib/../lib64 -L/lib/../lib64/ -L/usr/lib/../lib64 -L/usr/lib/../lib64/ -L/opt/intel/Compiler/19.1/3.304/rwthlnk/daal/lib/intel64_lin/ -L/opt/intel/Compiler/19.1/3.304/rwthlnk/daal/lib/ia32_lin/ -L/opt/intel/Compiler/19.1/3.304/rwthlnk/ipp/lib/intel64_lin/ -L/opt/intel/Compiler/19.1/3.304/rwthlnk/ipp/lib/ia32_lin/ -L/opt/intel/Compiler/19.1/3.304/rwthlnk/mkl/lib/intel64_lin/ -L/opt/intel/Compiler/19.1/3.304/rwthlnk/mkl/lib/ia32_lin/ -L/usr/lib/gcc/x86_64-redhat-linux/4.8.5/../../../ -L/lib64 -L/lib/ -L/usr/lib64 -L/usr/lib CMakeFiles/cmTC_7b65c.dir/CMakeCCompilerABI.c.o -Bdynamic -Bstatic -limf -lsvml -lirng -Bdynamic -lm -Bstatic -lipgo -ldecimal --as-needed -Bdynamic -lcilkrts -lstdc++ --no-as-needed -lgcc -lgcc_s -Bstatic -lirc -lsvml -Bdynamic -lc -lgcc -lgcc_s -Bstatic -lirc_s -Bdynamic -ldl -lc /usr/lib/gcc/x86_64-redhat-linux/4.8.5/crtend.o /usr/lib/gcc/x86_64-redhat-linux/4.8.5/../../../../lib64/crtn.o]
    arg [ld] ==> ignore
    arg [/usr/lib/gcc/x86_64-redhat-linux/4.8.5/../../../../lib64/crt1.o] ==> obj [/usr/lib/gcc/x86_64-redhat-linux/4.8.5/../../../../lib64/crt1.o]
    arg [/usr/lib/gcc/x86_64-redhat-linux/4.8.5/../../../../lib64/crti.o] ==> obj [/usr/lib/gcc/x86_64-redhat-linux/4.8.5/../../../../lib64/crti.o]
    arg [/usr/lib/gcc/x86_64-redhat-linux/4.8.5/crtbegin.o] ==> obj [/usr/lib/gcc/x86_64-redhat-linux/4.8.5/crtbegin.o]
    arg [-export-dynamic] ==> ignore
    arg [--eh-frame-hdr] ==> ignore
    arg [--build-id] ==> ignore
    arg [-dynamic-linker] ==> ignore
    arg [/lib64/ld-linux-x86-64.so.2] ==> ignore
    arg [-m] ==> ignore
    arg [elf_x86_64] ==> ignore
    arg [-o] ==> ignore
    arg [cmTC_7b65c] ==> ignore
    arg [-L/opt/intel/Compiler/19.1/3.304/rwthlnk/daal/lib/intel64_lin] ==> dir [/opt/intel/Compiler/19.1/3.304/rwthlnk/daal/lib/intel64_lin]
    arg [-L/opt/intel/Compiler/19.1/3.304/rwthlnk/daal/lib/ia32_lin] ==> dir [/opt/intel/Compiler/19.1/3.304/rwthlnk/daal/lib/ia32_lin]
    arg [-L/opt/intel/Compiler/19.1/3.304/rwthlnk/ipp/lib/intel64_lin] ==> dir [/opt/intel/Compiler/19.1/3.304/rwthlnk/ipp/lib/intel64_lin]
    arg [-L/opt/intel/Compiler/19.1/3.304/rwthlnk/ipp/lib/ia32_lin] ==> dir [/opt/intel/Compiler/19.1/3.304/rwthlnk/ipp/lib/ia32_lin]
    arg [-L/opt/intel/Compiler/19.1/3.304/rwthlnk/mkl/lib/intel64_lin] ==> dir [/opt/intel/Compiler/19.1/3.304/rwthlnk/mkl/lib/intel64_lin]
    arg [-L/opt/intel/Compiler/19.1/3.304/rwthlnk/mkl/lib/ia32_lin] ==> dir [/opt/intel/Compiler/19.1/3.304/rwthlnk/mkl/lib/ia32_lin]
    arg [-L/opt/intel/Compiler/19.1/3.304/rwthlnk/tbb/lib/intel64_lin/gcc4.7] ==> dir [/opt/intel/Compiler/19.1/3.304/rwthlnk/tbb/lib/intel64_lin/gcc4.7]
    arg [-L/opt/intel/Compiler/19.1/3.304/rwthlnk/tbb/lib/ia32_lin/gcc4.7] ==> dir [/opt/intel/Compiler/19.1/3.304/rwthlnk/tbb/lib/ia32_lin/gcc4.7]
    arg [-L/rwthfs/rz/SW/intel/Compiler/19.1/3.304/compilers_and_libraries_2020.4.304/linux/compiler/lib/intel64_lin] ==> dir [/rwthfs/rz/SW/intel/Compiler/19.1/3.304/compilers_and_libraries_2020.4.304/linux/compiler/lib/intel64_lin]
    arg [-L/usr/lib/gcc/x86_64-redhat-linux/4.8.5/] ==> dir [/usr/lib/gcc/x86_64-redhat-linux/4.8.5/]
    arg [-L/usr/lib/gcc/x86_64-redhat-linux/4.8.5/../../../../lib64] ==> dir [/usr/lib/gcc/x86_64-redhat-linux/4.8.5/../../../../lib64]
    arg [-L/usr/lib/gcc/x86_64-redhat-linux/4.8.5/../../../../lib64/] ==> dir [/usr/lib/gcc/x86_64-redhat-linux/4.8.5/../../../../lib64/]
    arg [-L/lib/../lib64] ==> dir [/lib/../lib64]
    arg [-L/lib/../lib64/] ==> dir [/lib/../lib64/]
    arg [-L/usr/lib/../lib64] ==> dir [/usr/lib/../lib64]
    arg [-L/usr/lib/../lib64/] ==> dir [/usr/lib/../lib64/]
    arg [-L/opt/intel/Compiler/19.1/3.304/rwthlnk/daal/lib/intel64_lin/] ==> dir [/opt/intel/Compiler/19.1/3.304/rwthlnk/daal/lib/intel64_lin/]
    arg [-L/opt/intel/Compiler/19.1/3.304/rwthlnk/daal/lib/ia32_lin/] ==> dir [/opt/intel/Compiler/19.1/3.304/rwthlnk/daal/lib/ia32_lin/]
    arg [-L/opt/intel/Compiler/19.1/3.304/rwthlnk/ipp/lib/intel64_lin/] ==> dir [/opt/intel/Compiler/19.1/3.304/rwthlnk/ipp/lib/intel64_lin/]
    arg [-L/opt/intel/Compiler/19.1/3.304/rwthlnk/ipp/lib/ia32_lin/] ==> dir [/opt/intel/Compiler/19.1/3.304/rwthlnk/ipp/lib/ia32_lin/]
    arg [-L/opt/intel/Compiler/19.1/3.304/rwthlnk/mkl/lib/intel64_lin/] ==> dir [/opt/intel/Compiler/19.1/3.304/rwthlnk/mkl/lib/intel64_lin/]
    arg [-L/opt/intel/Compiler/19.1/3.304/rwthlnk/mkl/lib/ia32_lin/] ==> dir [/opt/intel/Compiler/19.1/3.304/rwthlnk/mkl/lib/ia32_lin/]
    arg [-L/usr/lib/gcc/x86_64-redhat-linux/4.8.5/../../../] ==> dir [/usr/lib/gcc/x86_64-redhat-linux/4.8.5/../../../]
    arg [-L/lib64] ==> dir [/lib64]
    arg [-L/lib/] ==> dir [/lib/]
    arg [-L/usr/lib64] ==> dir [/usr/lib64]
    arg [-L/usr/lib] ==> dir [/usr/lib]
    arg [CMakeFiles/cmTC_7b65c.dir/CMakeCCompilerABI.c.o] ==> ignore
    arg [-Bdynamic] ==> search dynamic
    arg [-Bstatic] ==> search static
    arg [-limf] ==> lib [imf]
    arg [-lsvml] ==> lib [svml]
    arg [-lirng] ==> lib [irng]
    arg [-Bdynamic] ==> search dynamic
    arg [-lm] ==> lib [m]
    arg [-Bstatic] ==> search static
    arg [-lipgo] ==> lib [ipgo]
    arg [-ldecimal] ==> lib [decimal]
    arg [--as-needed] ==> ignore
    arg [-Bdynamic] ==> search dynamic
    arg [-lcilkrts] ==> lib [cilkrts]
    arg [-lstdc++] ==> lib [stdc++]
    arg [--no-as-needed] ==> ignore
    arg [-lgcc] ==> lib [gcc]
    arg [-lgcc_s] ==> lib [gcc_s]
    arg [-Bstatic] ==> search static
    arg [-lirc] ==> lib [irc]
    arg [-lsvml] ==> lib [svml]
    arg [-Bdynamic] ==> search dynamic
    arg [-lc] ==> lib [c]
    arg [-lgcc] ==> lib [gcc]
    arg [-lgcc_s] ==> lib [gcc_s]
    arg [-Bstatic] ==> search static
    arg [-lirc_s] ==> lib [irc_s]
    arg [-Bdynamic] ==> search dynamic
    arg [-ldl] ==> lib [dl]
    arg [-lc] ==> lib [c]
    arg [/usr/lib/gcc/x86_64-redhat-linux/4.8.5/crtend.o] ==> obj [/usr/lib/gcc/x86_64-redhat-linux/4.8.5/crtend.o]
    arg [/usr/lib/gcc/x86_64-redhat-linux/4.8.5/../../../../lib64/crtn.o] ==> obj [/usr/lib/gcc/x86_64-redhat-linux/4.8.5/../../../../lib64/crtn.o]
  collapse obj [/usr/lib/gcc/x86_64-redhat-linux/4.8.5/../../../../lib64/crt1.o] ==> [/usr/lib64/crt1.o]
  collapse obj [/usr/lib/gcc/x86_64-redhat-linux/4.8.5/../../../../lib64/crti.o] ==> [/usr/lib64/crti.o]
  collapse obj [/usr/lib/gcc/x86_64-redhat-linux/4.8.5/../../../../lib64/crtn.o] ==> [/usr/lib64/crtn.o]
  collapse library dir [/opt/intel/Compiler/19.1/3.304/rwthlnk/daal/lib/intel64_lin] ==> [/opt/intel/Compiler/19.1/3.304/rwthlnk/daal/lib/intel64_lin]
  collapse library dir [/opt/intel/Compiler/19.1/3.304/rwthlnk/daal/lib/ia32_lin] ==> [/opt/intel/Compiler/19.1/3.304/rwthlnk/daal/lib/ia32_lin]
  collapse library dir [/opt/intel/Compiler/19.1/3.304/rwthlnk/ipp/lib/intel64_lin] ==> [/opt/intel/Compiler/19.1/3.304/rwthlnk/ipp/lib/intel64_lin]
  collapse library dir [/opt/intel/Compiler/19.1/3.304/rwthlnk/ipp/lib/ia32_lin] ==> [/opt/intel/Compiler/19.1/3.304/rwthlnk/ipp/lib/ia32_lin]
  collapse library dir [/opt/intel/Compiler/19.1/3.304/rwthlnk/mkl/lib/intel64_lin] ==> [/opt/intel/Compiler/19.1/3.304/rwthlnk/mkl/lib/intel64_lin]
  collapse library dir [/opt/intel/Compiler/19.1/3.304/rwthlnk/mkl/lib/ia32_lin] ==> [/opt/intel/Compiler/19.1/3.304/rwthlnk/mkl/lib/ia32_lin]
  collapse library dir [/opt/intel/Compiler/19.1/3.304/rwthlnk/tbb/lib/intel64_lin/gcc4.7] ==> [/opt/intel/Compiler/19.1/3.304/rwthlnk/tbb/lib/intel64_lin/gcc4.7]
  collapse library dir [/opt/intel/Compiler/19.1/3.304/rwthlnk/tbb/lib/ia32_lin/gcc4.7] ==> [/opt/intel/Compiler/19.1/3.304/rwthlnk/tbb/lib/ia32_lin/gcc4.7]
  collapse library dir [/rwthfs/rz/SW/intel/Compiler/19.1/3.304/compilers_and_libraries_2020.4.304/linux/compiler/lib/intel64_lin] ==> [/rwthfs/rz/SW/intel/Compiler/19.1/3.304/compilers_and_libraries_2020.4.304/linux/compiler/lib/intel64_lin]
  collapse library dir [/usr/lib/gcc/x86_64-redhat-linux/4.8.5/] ==> [/usr/lib/gcc/x86_64-redhat-linux/4.8.5]
  collapse library dir [/usr/lib/gcc/x86_64-redhat-linux/4.8.5/../../../../lib64] ==> [/usr/lib64]
  collapse library dir [/usr/lib/gcc/x86_64-redhat-linux/4.8.5/../../../../lib64/] ==> [/usr/lib64]
  collapse library dir [/lib/../lib64] ==> [/lib64]
  collapse library dir [/lib/../lib64/] ==> [/lib64]
  collapse library dir [/usr/lib/../lib64] ==> [/usr/lib64]
  collapse library dir [/usr/lib/../lib64/] ==> [/usr/lib64]
  collapse library dir [/opt/intel/Compiler/19.1/3.304/rwthlnk/daal/lib/intel64_lin/] ==> [/opt/intel/Compiler/19.1/3.304/rwthlnk/daal/lib/intel64_lin]
  collapse library dir [/opt/intel/Compiler/19.1/3.304/rwthlnk/daal/lib/ia32_lin/] ==> [/opt/intel/Compiler/19.1/3.304/rwthlnk/daal/lib/ia32_lin]
  collapse library dir [/opt/intel/Compiler/19.1/3.304/rwthlnk/ipp/lib/intel64_lin/] ==> [/opt/intel/Compiler/19.1/3.304/rwthlnk/ipp/lib/intel64_lin]
  collapse library dir [/opt/intel/Compiler/19.1/3.304/rwthlnk/ipp/lib/ia32_lin/] ==> [/opt/intel/Compiler/19.1/3.304/rwthlnk/ipp/lib/ia32_lin]
  collapse library dir [/opt/intel/Compiler/19.1/3.304/rwthlnk/mkl/lib/intel64_lin/] ==> [/opt/intel/Compiler/19.1/3.304/rwthlnk/mkl/lib/intel64_lin]
  collapse library dir [/opt/intel/Compiler/19.1/3.304/rwthlnk/mkl/lib/ia32_lin/] ==> [/opt/intel/Compiler/19.1/3.304/rwthlnk/mkl/lib/ia32_lin]
  collapse library dir [/usr/lib/gcc/x86_64-redhat-linux/4.8.5/../../../] ==> [/usr/lib]
  collapse library dir [/lib64] ==> [/lib64]
  collapse library dir [/lib/] ==> [/lib]
  collapse library dir [/usr/lib64] ==> [/usr/lib64]
  collapse library dir [/usr/lib] ==> [/usr/lib]
  implicit libs: [imf;svml;irng;m;ipgo;decimal;cilkrts;stdc++;gcc;gcc_s;irc;svml;c;gcc;gcc_s;irc_s;dl;c]
  implicit objs: [/usr/lib64/crt1.o;/usr/lib64/crti.o;/usr/lib/gcc/x86_64-redhat-linux/4.8.5/crtbegin.o;/usr/lib/gcc/x86_64-redhat-linux/4.8.5/crtend.o;/usr/lib64/crtn.o]
  implicit dirs: [/opt/intel/Compiler/19.1/3.304/rwthlnk/daal/lib/intel64_lin;/opt/intel/Compiler/19.1/3.304/rwthlnk/daal/lib/ia32_lin;/opt/intel/Compiler/19.1/3.304/rwthlnk/ipp/lib/intel64_lin;/opt/intel/Compiler/19.1/3.304/rwthlnk/ipp/lib/ia32_lin;/opt/intel/Compiler/19.1/3.304/rwthlnk/mkl/lib/intel64_lin;/opt/intel/Compiler/19.1/3.304/rwthlnk/mkl/lib/ia32_lin;/opt/intel/Compiler/19.1/3.304/rwthlnk/tbb/lib/intel64_lin/gcc4.7;/opt/intel/Compiler/19.1/3.304/rwthlnk/tbb/lib/ia32_lin/gcc4.7;/rwthfs/rz/SW/intel/Compiler/19.1/3.304/compilers_and_libraries_2020.4.304/linux/compiler/lib/intel64_lin;/usr/lib/gcc/x86_64-redhat-linux/4.8.5;/usr/lib64;/lib64;/usr/lib;/lib]
  implicit fwks: []


Detecting CXX compiler ABI info compiled with the following output:
Change Dir: /home/ar146294/TEACHING/parcomp/exercise/final-project-disk/skeleton/Online_Submission/solver-mpi/build/CMakeFiles/CMakeTmp

Run Build Command(s):/usr/local_rwth/bin/gmake -f Makefile cmTC_8aa97/fast && /usr/local_rwth/bin/gmake  -f CMakeFiles/cmTC_8aa97.dir/build.make CMakeFiles/cmTC_8aa97.dir/build
gmake[1]: Entering directory `/rwthfs/rz/cluster/home/ar146294/TEACHING/parcomp/exercise/final-project-disk/skeleton/Online_Submission/solver-mpi/build/CMakeFiles/CMakeTmp'
Building CXX object CMakeFiles/cmTC_8aa97.dir/CMakeCXXCompilerABI.cpp.o
/opt/intel/Compiler/19.1/3.304/rwthlnk/bin/intel64/icpc   -v -MD -MT CMakeFiles/cmTC_8aa97.dir/CMakeCXXCompilerABI.cpp.o -MF CMakeFiles/cmTC_8aa97.dir/CMakeCXXCompilerABI.cpp.o.d -o CMakeFiles/cmTC_8aa97.dir/CMakeCXXCompilerABI.cpp.o -c /rwthfs/rz/SW/UTIL.common/cmake/cmake-3.21.1-linux-x86_64/share/cmake-3.21/Modules/CMakeCXXCompilerABI.cpp
icpc version 19.1.3.304 (gcc version 4.8.5 compatibility)
/rwthfs/rz/SW/intel/Compiler/19.1/3.304/compilers_and_libraries_2020.4.304/linux/bin/intel64/mcpcom    --target_efi2 --lang=c++ -oCMakeFiles/cmTC_8aa97.dir/CMakeCXXCompilerABI.cpp.o -_g -mP3OPT_inline_alloca -D__ICC=1910 -D__INTEL_COMPILER=1910 -D__INTEL_COMPILER_UPDATE=3 -D__PTRDIFF_TYPE__=long "-D__SIZE_TYPE__=unsigned long" -D__WCHAR_TYPE__=int "-D__WINT_TYPE__=unsigned int" "-D__INTMAX_TYPE__=long int" "-D__UINTMAX_TYPE__=long unsigned int" -D__LONG_MAX__=9223372036854775807L -D__QMSPP_ -D__OPTIMIZE__ -D__NO_MATH_INLINES -D__NO_STRING_INLINES -D__GNUC_GNU_INLINE__ -D__GNUG__=4 -D__GNUC__=4 -D__GNUC_MINOR__=8 -D__GNUC_PATCHLEVEL__=5 -D__LP64__ -D_LP64 -D_GNU_SOURCE=1 -D__DEPRECATED=1 -D__GXX_WEAK__=1 -D__GXX_ABI_VERSION=1002 "-D__USER_LABEL_PREFIX__= " -D__REGISTER_PREFIX__= -D__INTEL_RTTI__ -D__EXCEPTIONS=1 -D__unix__ -D__unix -D__linux__ -D__linux -D__gnu_linux__ -B -Dunix -Dlinux "-_Asystem(unix)" -D__ELF__ -D__x86_64 -D__x86_64__ -D__amd64 -D__amd64__ "-_Acpu(x86_64)" "-_Amachine(x86_64)" -D__INTEL_COMPILER_BUILD_DATE=20200925 -D__INTEL_OFFLOAD -D__MMX__ -D__SSE__ -D__SSE_MATH__ -D__SSE2__ -D__SSE2_MATH__ -D__pentium4 -D__pentium4__ -D__tune_pentium4__ -_k -_8 -_l --has_new_stdarg_support -_a -_b --gnu_version=40805 -_W5 -p --bool -tused -x --openmp_simd --dependency_file_name CMakeFiles/cmTC_8aa97.dir/CMakeCXXCompilerABI.cpp.o.d --compile_dependencies --dependency_target_name CMakeFiles/cmTC_8aa97.dir/CMakeCXXCompilerABI.cpp.o --multibyte_chars -mGLOB_diag_suppress_sys --system_preinclude /usr/include/stdc-predef.h -I/opt/intel/Compiler/19.1/3.304/rwthlnk/pstl/include -I/opt/intel/Compiler/19.1/3.304/rwthlnk/pstl/include -I/opt/intel/Compiler/19.1/3.304/rwthlnk/pstl/stdlib -I/opt/intel/Compiler/19.1/3.304/rwthlnk/daal/include -I/opt/intel/Compiler/19.1/3.304/rwthlnk/ipp/include -I/opt/intel/Compiler/19.1/3.304/rwthlnk/mkl/include -I/opt/intel/Compiler/19.1/3.304/rwthlnk/tbb/include --array_section --simd --simd_func --offload_mode=1 --offload_target_names=mic,MIC --offload_unique_string=icpc0274611641QuJhie --bool -mGLOB_em64t=TRUE -mP1OPT_version=19.1-intel64 -mGLOB_diag_file=CMakeFiles/cmTC_8aa97.dir/CMakeCXXCompilerABI.cpp.diag -mGLOB_long_size_64 -mGLOB_routine_pointer_size_64 -mP1OPT_print_version=FALSE -mCG_use_gas_got_workaround=F -mP2OPT_align_option_used=TRUE -mGLOB_gcc_version=485 "-mGLOB_options_string=-v -MD -MT CMakeFiles/cmTC_8aa97.dir/CMakeCXXCompilerABI.cpp.o -MF CMakeFiles/cmTC_8aa97.dir/CMakeCXXCompilerABI.cpp.o.d -o CMakeFiles/cmTC_8aa97.dir/CMakeCXXCompilerABI.cpp.o -c" -mGLOB_cxx_limited_range=FALSE -mCG_extend_parms=FALSE -mGLOB_compiler_bin_directory=/rwthfs/rz/SW/intel/Compiler/19.1/3.304/compilers_and_libraries_2020.4.304/linux/bin/intel64 -mGLOB_as_output_backup_file_name=/tmp/ar146294/login2_27994/icpcG8CmQ7as_.s -mIPOPT_activate -mIPOPT_lite -mGLOB_uarch_tuning=0x0 -mGLOB_product_id_code=0x22006d90 -mCG_bnl_movbe=T -mP3OPT_use_mspp_call_convention -mP2OPT_subs_out_of_bound=FALSE -mP2OPT_disam_type_based_disam=2 -mP2OPT_disam_assume_ansi_c -mP2OPT_checked_disam_ansi_alias=TRUE -mGLOB_ansi_alias -mPGOPTI_value_profile_use=T -mP2OPT_il0_array_sections=TRUE -mGLOB_offload_mode=1 -mP2OPT_offload_unique_var_string=icpc0274611641QuJhie -mP2OPT_hlo_level=2 -mP2OPT_hlo -mP2OPT_hpo_rtt_control=0 -mIPOPT_args_in_regs=0 -mP2OPT_disam_assume_nonstd_intent_in=FALSE -mGLOB_imf_mapping_library=/rwthfs/rz/SW/intel/Compiler/19.1/3.304/compilers_and_libraries_2020.4.304/linux/bin/intel64/libiml_attr.so -mPGOPTI_gen_threadsafe_level=0 -mIPOPT_lto_object_enabled -mIPOPT_lto_object_value=1 -mIPOPT_obj_output_file_name=CMakeFiles/cmTC_8aa97.dir/CMakeCXXCompilerABI.cpp.o -mIPOPT_whole_archive_fixup_file_name=/tmp/ar146294/login2_27994/icpcwarch5K4Seo -mGLOB_linker_version=2.27 -mGLOB_linker=ld -mGLOB_driver_tempfile_name=/tmp/ar146294/login2_27994/icpctempfile4pOtr1 -mP3OPT_asm_target=P3OPT_ASM_TARGET_GAS -mGLOB_async_unwind_tables=TRUE -mGLOB_obj_output_file=CMakeFiles/cmTC_8aa97.dir/CMakeCXXCompilerABI.cpp.o -mGLOB_source_dialect=GLOB_SOURCE_DIALECT_C_PLUS_PLUS -mP1OPT_source_file_name=/rwthfs/rz/SW/UTIL.common/cmake/cmake-3.21.1-linux-x86_64/share/cmake-3.21/Modules/CMakeCXXCompilerABI.cpp -mP1OPT_full_source_file_name=/rwthfs/rz/SW/UTIL.common/cmake/cmake-3.21.1-linux-x86_64/share/cmake-3.21/Modules/CMakeCXXCompilerABI.cpp -mGLOB_eh_linux /rwthfs/rz/SW/UTIL.common/cmake/cmake-3.21.1-linux-x86_64/share/cmake-3.21/Modules/CMakeCXXCompilerABI.cpp
#include "..." search starts here:
#include <...> search starts here:
 /opt/intel/Compiler/19.1/3.304/rwthlnk/pstl/include
 /opt/intel/Compiler/19.1/3.304/rwthlnk/pstl/include
 /opt/intel/Compiler/19.1/3.304/rwthlnk/pstl/stdlib
 /opt/intel/Compiler/19.1/3.304/rwthlnk/daal/include
 /opt/intel/Compiler/19.1/3.304/rwthlnk/ipp/include
 /opt/intel/Compiler/19.1/3.304/rwthlnk/mkl/include
 /opt/intel/Compiler/19.1/3.304/rwthlnk/tbb/include
 /rwthfs/rz/SW/intel/Compiler/19.1/3.304/compilers_and_libraries_2020.4.304/linux/compiler/include/intel64
 /rwthfs/rz/SW/intel/Compiler/19.1/3.304/compilers_and_libraries_2020.4.304/linux/compiler/include/icc
 /rwthfs/rz/SW/intel/Compiler/19.1/3.304/compilers_and_libraries_2020.4.304/linux/compiler/include
 /usr/include/c++/4.8.5
 /usr/include/c++/4.8.5/x86_64-redhat-linux
 /usr/include/c++/4.8.5/backward
 /usr/local/include
 /usr/lib/gcc/x86_64-redhat-linux/4.8.5/include
 /usr/include/
 /usr/include
End of search list.
Linking CXX executable cmTC_8aa97
/rwthfs/rz/SW/UTIL.common/cmake/cmake-3.21.1-linux-x86_64/bin/cmake -E cmake_link_script CMakeFiles/cmTC_8aa97.dir/link.txt --verbose=1
/opt/intel/Compiler/19.1/3.304/rwthlnk/bin/intel64/icpc  -v -rdynamic CMakeFiles/cmTC_8aa97.dir/CMakeCXXCompilerABI.cpp.o -o cmTC_8aa97 
icpc version 19.1.3.304 (gcc version 4.8.5 compatibility)
/rwthfs/rz/SW/intel/Compiler/19.1/3.304/compilers_and_libraries_2020.4.304/linux/bin/intel64/mcpcom    -mGLOB_em64t=TRUE -mP1OPT_version=19.1-intel64 -mGLOB_diag_file=CMakeFiles/cmTC_8aa97.dir/CMakeCXXCompilerABI.cpp.diag -mGLOB_long_size_64 -mGLOB_routine_pointer_size_64 -mP1OPT_print_version=FALSE -mCG_use_gas_got_workaround=F -mP2OPT_align_option_used=TRUE -mGLOB_gcc_version=485 "-mGLOB_options_string=-v -rdynamic -o cmTC_8aa97" -mGLOB_cxx_limited_range=FALSE -mCG_extend_parms=FALSE -mGLOB_compiler_bin_directory=/rwthfs/rz/SW/intel/Compiler/19.1/3.304/compilers_and_libraries_2020.4.304/linux/bin/intel64 -mGLOB_as_output_backup_file_name=/tmp/ar146294/login2_27994/icpc2cbnbias_.s -mGLOB_dashboard_use_source_name -mIPOPT_activate -mGLOB_product_id_code=0x22006d90 -mP3OPT_use_mspp_call_convention -mP2OPT_subs_out_of_bound=FALSE -mP2OPT_disam_type_based_disam=2 -mP2OPT_disam_assume_ansi_c -mP2OPT_checked_disam_ansi_alias=TRUE -mGLOB_ansi_alias -mPGOPTI_value_profile_use=T -mGLOB_opt_report_use_source_name -mP2OPT_il0_array_sections=TRUE -mGLOB_offload_mode=1 -mP2OPT_offload_unique_var_string=icpc0667546281e6iWjq -mP2OPT_hlo -mP2OPT_hpo_rtt_control=0 -mIPOPT_args_in_regs=0 -mP2OPT_disam_assume_nonstd_intent_in=FALSE -mGLOB_imf_mapping_library=/rwthfs/rz/SW/intel/Compiler/19.1/3.304/compilers_and_libraries_2020.4.304/linux/bin/intel64/libiml_attr.so -mPGOPTI_gen_threadsafe_level=0 -mIPOPT_link -mIPOPT_ipo_activate -mIPOPT_mo_activate -mIPOPT_source_files_list=/tmp/ar146294/login2_27994/icpcslis9jejS0 -mIPOPT_mo_global_data -mIPOPT_link_script_file=/tmp/ar146294/login2_27994/icpcscriptzPvNwE "-mIPOPT_cmdline_link="/usr/lib/gcc/x86_64-redhat-linux/4.8.5/../../../../lib64/crt1.o" "/usr/lib/gcc/x86_64-redhat-linux/4.8.5/../../../../lib64/crti.o" "/usr/lib/gcc/x86_64-redhat-linux/4.8.5/crtbegin.o" "-export-dynamic" "--eh-frame-hdr" "--build-id" "-dynamic-linker" "/lib64/ld-linux-x86-64.so.2" "-m" "elf_x86_64" "-o" "cmTC_8aa97" "-L/opt/intel/Compiler/19.1/3.304/rwthlnk/daal/lib/intel64_lin" "-L/opt/intel/Compiler/19.1/3.304/rwthlnk/daal/lib/ia32_lin" "-L/opt/intel/Compiler/19.1/3.304/rwthlnk/ipp/lib/intel64_lin" "-L/opt/intel/Compiler/19.1/3.304/rwthlnk/ipp/lib/ia32_lin" "-L/opt/intel/Compiler/19.1/3.304/rwthlnk/mkl/lib/intel64_lin" "-L/opt/intel/Compiler/19.1/3.304/rwthlnk/mkl/lib/ia32_lin" "-L/opt/intel/Compiler/19.1/3.304/rwthlnk/tbb/lib/intel64_lin/gcc4.7" "-L/opt/intel/Compiler/19.1/3.304/rwthlnk/tbb/lib/ia32_lin/gcc4.7" "-L/rwthfs/rz/SW/intel/Compiler/19.1/3.304/compilers_and_libraries_2020.4.304/linux/compiler/lib/intel64_lin" "-L/usr/lib/gcc/x86_64-redhat-linux/4.8.5/" "-L/usr/lib/gcc/x86_64-redhat-linux/4.8.5/../../../../lib64" "-L/usr/lib/gcc/x86_64-redhat-linux/4.8.5/../../../../lib64/" "-L/lib/../lib64" "-L/lib/../lib64/" "-L/usr/lib/../lib64" "-L/usr/lib/../lib64/" "-L/opt/intel/Compiler/19.1/3.304/rwthlnk/daal/lib/intel64_lin/" "-L/opt/intel/Compiler/19.1/3.304/rwthlnk/daal/lib/ia32_lin/" "-L/opt/intel/Compiler/19.1/3.304/rwthlnk/ipp/lib/intel64_lin/" "-L/opt/intel/Compiler/19.1/3.304/rwthlnk/ipp/lib/ia32_lin/" "-L/opt/intel/Compiler/19.1/3.304/rwthlnk/mkl/lib/intel64_lin/" "-L/opt/intel/Compiler/19.1/3.304/rwthlnk/mkl/lib/ia32_lin/" "-L/usr/lib/gcc/x86_64-redhat-linux/4.8.5/../../../" "-L/lib64" "-L/lib/" "-L/usr/lib64" "-L/usr/lib" "CMakeFiles/cmTC_8aa97.dir/CMakeCXXCompilerABI.cpp.o" "-Bdynamic" "-Bstatic" "-limf" "-lsvml" "-lirng" "-Bdynamic" "-lstdc++" "-lm" "-Bstatic" "-lipgo" "-ldecimal" "--as-needed" "-Bdynamic" "-lcilkrts" "--no-as-needed" "-lstdc++" "-lgcc" "-lgcc_s" "-Bstatic" "-lirc" "-lsvml" "-Bdynamic" "-lc" "-lgcc" "-lgcc_s" "-Bstatic" "-lirc_s" "-Bdynamic" "-ldl" "-lc" "/usr/lib/gcc/x86_64-redhat-linux/4.8.5/crtend.o" "/usr/lib/gcc/x86_64-redhat-linux/4.8.5/../../../../lib64/crtn.o"" -mIPOPT_il_in_obj -mIPOPT_ipo_activate_warn=FALSE -mIPOPT_obj_output_file_name=/tmp/ar146294/login2_27994/ipo_icpcd7iXYa.o -mIPOPT_whole_archive_fixup_file_name=/tmp/ar146294/login2_27994/icpcwarchtz8lvz -mGLOB_linker_version=2.27 -mGLOB_linker=ld -mGLOB_driver_tempfile_name=/tmp/ar146294/login2_27994/icpctempfileGzQKad -mP3OPT_asm_target=P3OPT_ASM_TARGET_GAS -mGLOB_async_unwind_tables=TRUE -mGLOB_obj_output_file=/tmp/ar146294/login2_27994/ipo_icpcd7iXYa.o -mGLOB_source_dialect=GLOB_SOURCE_DIALECT_NONE -mP1OPT_source_file_name=ipo_out.c CMakeFiles/cmTC_8aa97.dir/CMakeCXXCompilerABI.cpp.o -mIPOPT_object_files=T -mIPOPT_assembly_files=/tmp/ar146294/login2_27994/icpcalisNaB7gs -mIPOPT_generated_tempfiles=/tmp/ar146294/login2_27994/icpcelis1B5iV5 -mIPOPT_embedded_object_base_name=/tmp/ar146294/login2_27994/icpceobjjOrzzJ -mIPOPT_cmdline_link_new_name=/tmp/ar146294/login2_27994/icpcllis93gUdn
ld    /usr/lib/gcc/x86_64-redhat-linux/4.8.5/../../../../lib64/crt1.o /usr/lib/gcc/x86_64-redhat-linux/4.8.5/../../../../lib64/crti.o /usr/lib/gcc/x86_64-redhat-linux/4.8.5/crtbegin.o -export-dynamic --eh-frame-hdr --build-id -dynamic-linker /lib64/ld-linux-x86-64.so.2 -m elf_x86_64 -o cmTC_8aa97 -L/opt/intel/Compiler/19.1/3.304/rwthlnk/daal/lib/intel64_lin -L/opt/intel/Compiler/19.1/3.304/rwthlnk/daal/lib/ia32_lin -L/opt/intel/Compiler/19.1/3.304/rwthlnk/ipp/lib/intel64_lin -L/opt/intel/Compiler/19.1/3.304/rwthlnk/ipp/lib/ia32_lin -L/opt/intel/Compiler/19.1/3.304/rwthlnk/mkl/lib/intel64_lin -L/opt/intel/Compiler/19.1/3.304/rwthlnk/mkl/lib/ia32_lin -L/opt/intel/Compiler/19.1/3.304/rwthlnk/tbb/lib/intel64_lin/gcc4.7 -L/opt/intel/Compiler/19.1/3.304/rwthlnk/tbb/lib/ia32_lin/gcc4.7 -L/rwthfs/rz/SW/intel/Compiler/19.1/3.304/compilers_and_libraries_2020.4.304/linux/compiler/lib/intel64_lin -L/usr/lib/gcc/x86_64-redhat-linux/4.8.5/ -L/usr/lib/gcc/x86_64-redhat-linux/4.8.5/../../../../lib64 -L/usr/lib/gcc/x86_64-redhat-linux/4.8.5/../../../../lib64/ -L/lib/../lib64 -L/lib/../lib64/ -L/usr/lib/../lib64 -L/usr/lib/../lib64/ -L/opt/intel/Compiler/19.1/3.304/rwthlnk/daal/lib/intel64_lin/ -L/opt/intel/Compiler/19.1/3.304/rwthlnk/daal/lib/ia32_lin/ -L/opt/intel/Compiler/19.1/3.304/rwthlnk/ipp/lib/intel64_lin/ -L/opt/intel/Compiler/19.1/3.304/rwthlnk/ipp/lib/ia32_lin/ -L/opt/intel/Compiler/19.1/3.304/rwthlnk/mkl/lib/intel64_lin/ -L/opt/intel/Compiler/19.1/3.304/rwthlnk/mkl/lib/ia32_lin/ -L/usr/lib/gcc/x86_64-redhat-linux/4.8.5/../../../ -L/lib64 -L/lib/ -L/usr/lib64 -L/usr/lib CMakeFiles/cmTC_8aa97.dir/CMakeCXXCompilerABI.cpp.o -Bdynamic -Bstatic -limf -lsvml -lirng -Bdynamic -lstdc++ -lm -Bstatic -lipgo -ldecimal --as-needed -Bdynamic -lcilkrts --no-as-needed -lstdc++ -lgcc -lgcc_s -Bstatic -lirc -lsvml -Bdynamic -lc -lgcc -lgcc_s -Bstatic -lirc_s -Bdynamic -ldl -lc /usr/lib/gcc/x86_64-redhat-linux/4.8.5/crtend.o /usr/lib/gcc/x86_64-redhat-linux/4.8.5/../../../../lib64/crtn.o
gmake[1]: Leaving directory `/rwthfs/rz/cluster/home/ar146294/TEACHING/parcomp/exercise/final-project-disk/skeleton/Online_Submission/solver-mpi/build/CMakeFiles/CMakeTmp'



Parsed CXX implicit include dir info from above output: rv=done
  found start of include info
  found start of implicit include info
    add: [/opt/intel/Compiler/19.1/3.304/rwthlnk/pstl/include]
    add: [/opt/intel/Compiler/19.1/3.304/rwthlnk/pstl/include]
    add: [/opt/intel/Compiler/19.1/3.304/rwthlnk/pstl/stdlib]
    add: [/opt/intel/Compiler/19.1/3.304/rwthlnk/daal/include]
    add: [/opt/intel/Compiler/19.1/3.304/rwthlnk/ipp/include]
    add: [/opt/intel/Compiler/19.1/3.304/rwthlnk/mkl/include]
    add: [/opt/intel/Compiler/19.1/3.304/rwthlnk/tbb/include]
    add: [/rwthfs/rz/SW/intel/Compiler/19.1/3.304/compilers_and_libraries_2020.4.304/linux/compiler/include/intel64]
    add: [/rwthfs/rz/SW/intel/Compiler/19.1/3.304/compilers_and_libraries_2020.4.304/linux/compiler/include/icc]
    add: [/rwthfs/rz/SW/intel/Compiler/19.1/3.304/compilers_and_libraries_2020.4.304/linux/compiler/include]
    add: [/usr/include/c++/4.8.5]
    add: [/usr/include/c++/4.8.5/x86_64-redhat-linux]
    add: [/usr/include/c++/4.8.5/backward]
    add: [/usr/local/include]
    add: [/usr/lib/gcc/x86_64-redhat-linux/4.8.5/include]
    add: [/usr/include/]
    add: [/usr/include]
  end of search list found
  collapse include dir [/opt/intel/Compiler/19.1/3.304/rwthlnk/pstl/include] ==> [/opt/intel/Compiler/19.1/3.304/rwthlnk/pstl/include]
  collapse include dir [/opt/intel/Compiler/19.1/3.304/rwthlnk/pstl/include] ==> [/opt/intel/Compiler/19.1/3.304/rwthlnk/pstl/include]
  collapse include dir [/opt/intel/Compiler/19.1/3.304/rwthlnk/pstl/stdlib] ==> [/opt/intel/Compiler/19.1/3.304/rwthlnk/pstl/stdlib]
  collapse include dir [/opt/intel/Compiler/19.1/3.304/rwthlnk/daal/include] ==> [/opt/intel/Compiler/19.1/3.304/rwthlnk/daal/include]
  collapse include dir [/opt/intel/Compiler/19.1/3.304/rwthlnk/ipp/include] ==> [/opt/intel/Compiler/19.1/3.304/rwthlnk/ipp/include]
  collapse include dir [/opt/intel/Compiler/19.1/3.304/rwthlnk/mkl/include] ==> [/opt/intel/Compiler/19.1/3.304/rwthlnk/mkl/include]
  collapse include dir [/opt/intel/Compiler/19.1/3.304/rwthlnk/tbb/include] ==> [/opt/intel/Compiler/19.1/3.304/rwthlnk/tbb/include]
  collapse include dir [/rwthfs/rz/SW/intel/Compiler/19.1/3.304/compilers_and_libraries_2020.4.304/linux/compiler/include/intel64] ==> [/rwthfs/rz/SW/intel/Compiler/19.1/3.304/compilers_and_libraries_2020.4.304/linux/compiler/include/intel64]
  collapse include dir [/rwthfs/rz/SW/intel/Compiler/19.1/3.304/compilers_and_libraries_2020.4.304/linux/compiler/include/icc] ==> [/rwthfs/rz/SW/intel/Compiler/19.1/3.304/compilers_and_libraries_2020.4.304/linux/compiler/include/icc]
  collapse include dir [/rwthfs/rz/SW/intel/Compiler/19.1/3.304/compilers_and_libraries_2020.4.304/linux/compiler/include] ==> [/rwthfs/rz/SW/intel/Compiler/19.1/3.304/compilers_and_libraries_2020.4.304/linux/compiler/include]
  collapse include dir [/usr/include/c++/4.8.5] ==> [/usr/include/c++/4.8.5]
  collapse include dir [/usr/include/c++/4.8.5/x86_64-redhat-linux] ==> [/usr/include/c++/4.8.5/x86_64-redhat-linux]
  collapse include dir [/usr/include/c++/4.8.5/backward] ==> [/usr/include/c++/4.8.5/backward]
  collapse include dir [/usr/local/include] ==> [/usr/local/include]
  collapse include dir [/usr/lib/gcc/x86_64-redhat-linux/4.8.5/include] ==> [/usr/lib/gcc/x86_64-redhat-linux/4.8.5/include]
  collapse include dir [/usr/include/] ==> [/usr/include]
  collapse include dir [/usr/include] ==> [/usr/include]
  implicit include dirs: [/opt/intel/Compiler/19.1/3.304/rwthlnk/pstl/include;/opt/intel/Compiler/19.1/3.304/rwthlnk/pstl/stdlib;/opt/intel/Compiler/19.1/3.304/rwthlnk/daal/include;/opt/intel/Compiler/19.1/3.304/rwthlnk/ipp/include;/opt/intel/Compiler/19.1/3.304/rwthlnk/mkl/include;/opt/intel/Compiler/19.1/3.304/rwthlnk/tbb/include;/rwthfs/rz/SW/intel/Compiler/19.1/3.304/compilers_and_libraries_2020.4.304/linux/compiler/include/intel64;/rwthfs/rz/SW/intel/Compiler/19.1/3.304/compilers_and_libraries_2020.4.304/linux/compiler/include/icc;/rwthfs/rz/SW/intel/Compiler/19.1/3.304/compilers_and_libraries_2020.4.304/linux/compiler/include;/usr/include/c++/4.8.5;/usr/include/c++/4.8.5/x86_64-redhat-linux;/usr/include/c++/4.8.5/backward;/usr/local/include;/usr/lib/gcc/x86_64-redhat-linux/4.8.5/include;/usr/include]


Parsed CXX implicit link information from above output:
  link line regex: [^( *|.*[/\])(ld|CMAKE_LINK_STARTFILE-NOTFOUND|([^/\]+-)?ld|collect2)[^/\]*( |$)]
  ignore line: [Change Dir: /home/ar146294/TEACHING/parcomp/exercise/final-project-disk/skeleton/Online_Submission/solver-mpi/build/CMakeFiles/CMakeTmp]
  ignore line: []
  ignore line: [Run Build Command(s):/usr/local_rwth/bin/gmake -f Makefile cmTC_8aa97/fast && /usr/local_rwth/bin/gmake  -f CMakeFiles/cmTC_8aa97.dir/build.make CMakeFiles/cmTC_8aa97.dir/build]
  ignore line: [gmake[1]: Entering directory `/rwthfs/rz/cluster/home/ar146294/TEACHING/parcomp/exercise/final-project-disk/skeleton/Online_Submission/solver-mpi/build/CMakeFiles/CMakeTmp']
  ignore line: [Building CXX object CMakeFiles/cmTC_8aa97.dir/CMakeCXXCompilerABI.cpp.o]
  ignore line: [/opt/intel/Compiler/19.1/3.304/rwthlnk/bin/intel64/icpc   -v -MD -MT CMakeFiles/cmTC_8aa97.dir/CMakeCXXCompilerABI.cpp.o -MF CMakeFiles/cmTC_8aa97.dir/CMakeCXXCompilerABI.cpp.o.d -o CMakeFiles/cmTC_8aa97.dir/CMakeCXXCompilerABI.cpp.o -c /rwthfs/rz/SW/UTIL.common/cmake/cmake-3.21.1-linux-x86_64/share/cmake-3.21/Modules/CMakeCXXCompilerABI.cpp]
  ignore line: [icpc version 19.1.3.304 (gcc version 4.8.5 compatibility)]
  ignore line: [/rwthfs/rz/SW/intel/Compiler/19.1/3.304/compilers_and_libraries_2020.4.304/linux/bin/intel64/mcpcom    --target_efi2 --lang=c++ -oCMakeFiles/cmTC_8aa97.dir/CMakeCXXCompilerABI.cpp.o -_g -mP3OPT_inline_alloca -D__ICC=1910 -D__INTEL_COMPILER=1910 -D__INTEL_COMPILER_UPDATE=3 -D__PTRDIFF_TYPE__=long "-D__SIZE_TYPE__=unsigned long" -D__WCHAR_TYPE__=int "-D__WINT_TYPE__=unsigned int" "-D__INTMAX_TYPE__=long int" "-D__UINTMAX_TYPE__=long unsigned int" -D__LONG_MAX__=9223372036854775807L -D__QMSPP_ -D__OPTIMIZE__ -D__NO_MATH_INLINES -D__NO_STRING_INLINES -D__GNUC_GNU_INLINE__ -D__GNUG__=4 -D__GNUC__=4 -D__GNUC_MINOR__=8 -D__GNUC_PATCHLEVEL__=5 -D__LP64__ -D_LP64 -D_GNU_SOURCE=1 -D__DEPRECATED=1 -D__GXX_WEAK__=1 -D__GXX_ABI_VERSION=1002 "-D__USER_LABEL_PREFIX__= " -D__REGISTER_PREFIX__= -D__INTEL_RTTI__ -D__EXCEPTIONS=1 -D__unix__ -D__unix -D__linux__ -D__linux -D__gnu_linux__ -B -Dunix -Dlinux "-_Asystem(unix)" -D__ELF__ -D__x86_64 -D__x86_64__ -D__amd64 -D__amd64__ "-_Acpu(x86_64)" "-_Amachine(x86_64)" -D__INTEL_COMPILER_BUILD_DATE=20200925 -D__INTEL_OFFLOAD -D__MMX__ -D__SSE__ -D__SSE_MATH__ -D__SSE2__ -D__SSE2_MATH__ -D__pentium4 -D__pentium4__ -D__tune_pentium4__ -_k -_8 -_l --has_new_stdarg_support -_a -_b --gnu_version=40805 -_W5 -p --bool -tused -x --openmp_simd --dependency_file_name CMakeFiles/cmTC_8aa97.dir/CMakeCXXCompilerABI.cpp.o.d --compile_dependencies --dependency_target_name CMakeFiles/cmTC_8aa97.dir/CMakeCXXCompilerABI.cpp.o --multibyte_chars -mGLOB_diag_suppress_sys --system_preinclude /usr/include/stdc-predef.h -I/opt/intel/Compiler/19.1/3.304/rwthlnk/pstl/include -I/opt/intel/Compiler/19.1/3.304/rwthlnk/pstl/include -I/opt/intel/Compiler/19.1/3.304/rwthlnk/pstl/stdlib -I/opt/intel/Compiler/19.1/3.304/rwthlnk/daal/include -I/opt/intel/Compiler/19.1/3.304/rwthlnk/ipp/include -I/opt/intel/Compiler/19.1/3.304/rwthlnk/mkl/include -I/opt/intel/Compiler/19.1/3.304/rwthlnk/tbb/include --array_section --simd --simd_func --offload_mode=1 --offload_target_names=mic MIC --offload_unique_string=icpc0274611641QuJhie --bool -mGLOB_em64t=TRUE -mP1OPT_version=19.1-intel64 -mGLOB_diag_file=CMakeFiles/cmTC_8aa97.dir/CMakeCXXCompilerABI.cpp.diag -mGLOB_long_size_64 -mGLOB_routine_pointer_size_64 -mP1OPT_print_version=FALSE -mCG_use_gas_got_workaround=F -mP2OPT_align_option_used=TRUE -mGLOB_gcc_version=485 "-mGLOB_options_string=-v -MD -MT CMakeFiles/cmTC_8aa97.dir/CMakeCXXCompilerABI.cpp.o -MF CMakeFiles/cmTC_8aa97.dir/CMakeCXXCompilerABI.cpp.o.d -o CMakeFiles/cmTC_8aa97.dir/CMakeCXXCompilerABI.cpp.o -c" -mGLOB_cxx_limited_range=FALSE -mCG_extend_parms=FALSE -mGLOB_compiler_bin_directory=/rwthfs/rz/SW/intel/Compiler/19.1/3.304/compilers_and_libraries_2020.4.304/linux/bin/intel64 -mGLOB_as_output_backup_file_name=/tmp/ar146294/login2_27994/icpcG8CmQ7as_.s -mIPOPT_activate -mIPOPT_lite -mGLOB_uarch_tuning=0x0 -mGLOB_product_id_code=0x22006d90 -mCG_bnl_movbe=T -mP3OPT_use_mspp_call_convention -mP2OPT_subs_out_of_bound=FALSE -mP2OPT_disam_type_based_disam=2 -mP2OPT_disam_assume_ansi_c -mP2OPT_checked_disam_ansi_alias=TRUE -mGLOB_ansi_alias -mPGOPTI_value_profile_use=T -mP2OPT_il0_array_sections=TRUE -mGLOB_offload_mode=1 -mP2OPT_offload_unique_var_string=icpc0274611641QuJhie -mP2OPT_hlo_level=2 -mP2OPT_hlo -mP2OPT_hpo_rtt_control=0 -mIPOPT_args_in_regs=0 -mP2OPT_disam_assume_nonstd_intent_in=FALSE -mGLOB_imf_mapping_library=/rwthfs/rz/SW/intel/Compiler/19.1/3.304/compilers_and_libraries_2020.4.304/linux/bin/intel64/libiml_attr.so -mPGOPTI_gen_threadsafe_level=0 -mIPOPT_lto_object_enabled -mIPOPT_lto_object_value=1 -mIPOPT_obj_output_file_name=CMakeFiles/cmTC_8aa97.dir/CMakeCXXCompilerABI.cpp.o -mIPOPT_whole_archive_fixup_file_name=/tmp/ar146294/login2_27994/icpcwarch5K4Seo -mGLOB_linker_version=2.27 -mGLOB_linker=ld -mGLOB_driver_tempfile_name=/tmp/ar146294/login2_27994/icpctempfile4pOtr1 -mP3OPT_asm_target=P3OPT_ASM_TARGET_GAS -mGLOB_async_unwind_tables=TRUE -mGLOB_obj_output_file=CMakeFiles/cmTC_8aa97.dir/CMakeCXXCompilerABI.cpp.o -mGLOB_source_dialect=GLOB_SOURCE_DIALECT_C_PLUS_PLUS -mP1OPT_source_file_name=/rwthfs/rz/SW/UTIL.common/cmake/cmake-3.21.1-linux-x86_64/share/cmake-3.21/Modules/CMakeCXXCompilerABI.cpp -mP1OPT_full_source_file_name=/rwthfs/rz/SW/UTIL.common/cmake/cmake-3.21.1-linux-x86_64/share/cmake-3.21/Modules/CMakeCXXCompilerABI.cpp -mGLOB_eh_linux /rwthfs/rz/SW/UTIL.common/cmake/cmake-3.21.1-linux-x86_64/share/cmake-3.21/Modules/CMakeCXXCompilerABI.cpp]
  ignore line: [#include "..." search starts here:]
  ignore line: [#include <...> search starts here:]
  ignore line: [ /opt/intel/Compiler/19.1/3.304/rwthlnk/pstl/include]
  ignore line: [ /opt/intel/Compiler/19.1/3.304/rwthlnk/pstl/include]
  ignore line: [ /opt/intel/Compiler/19.1/3.304/rwthlnk/pstl/stdlib]
  ignore line: [ /opt/intel/Compiler/19.1/3.304/rwthlnk/daal/include]
  ignore line: [ /opt/intel/Compiler/19.1/3.304/rwthlnk/ipp/include]
  ignore line: [ /opt/intel/Compiler/19.1/3.304/rwthlnk/mkl/include]
  ignore line: [ /opt/intel/Compiler/19.1/3.304/rwthlnk/tbb/include]
  ignore line: [ /rwthfs/rz/SW/intel/Compiler/19.1/3.304/compilers_and_libraries_2020.4.304/linux/compiler/include/intel64]
  ignore line: [ /rwthfs/rz/SW/intel/Compiler/19.1/3.304/compilers_and_libraries_2020.4.304/linux/compiler/include/icc]
  ignore line: [ /rwthfs/rz/SW/intel/Compiler/19.1/3.304/compilers_and_libraries_2020.4.304/linux/compiler/include]
  ignore line: [ /usr/include/c++/4.8.5]
  ignore line: [ /usr/include/c++/4.8.5/x86_64-redhat-linux]
  ignore line: [ /usr/include/c++/4.8.5/backward]
  ignore line: [ /usr/local/include]
  ignore line: [ /usr/lib/gcc/x86_64-redhat-linux/4.8.5/include]
  ignore line: [ /usr/include/]
  ignore line: [ /usr/include]
  ignore line: [End of search list.]
  ignore line: [Linking CXX executable cmTC_8aa97]
  ignore line: [/rwthfs/rz/SW/UTIL.common/cmake/cmake-3.21.1-linux-x86_64/bin/cmake -E cmake_link_script CMakeFiles/cmTC_8aa97.dir/link.txt --verbose=1]
  ignore line: [/opt/intel/Compiler/19.1/3.304/rwthlnk/bin/intel64/icpc  -v -rdynamic CMakeFiles/cmTC_8aa97.dir/CMakeCXXCompilerABI.cpp.o -o cmTC_8aa97 ]
  ignore line: [icpc version 19.1.3.304 (gcc version 4.8.5 compatibility)]
  ignore line: [/rwthfs/rz/SW/intel/Compiler/19.1/3.304/compilers_and_libraries_2020.4.304/linux/bin/intel64/mcpcom    -mGLOB_em64t=TRUE -mP1OPT_version=19.1-intel64 -mGLOB_diag_file=CMakeFiles/cmTC_8aa97.dir/CMakeCXXCompilerABI.cpp.diag -mGLOB_long_size_64 -mGLOB_routine_pointer_size_64 -mP1OPT_print_version=FALSE -mCG_use_gas_got_workaround=F -mP2OPT_align_option_used=TRUE -mGLOB_gcc_version=485 "-mGLOB_options_string=-v -rdynamic -o cmTC_8aa97" -mGLOB_cxx_limited_range=FALSE -mCG_extend_parms=FALSE -mGLOB_compiler_bin_directory=/rwthfs/rz/SW/intel/Compiler/19.1/3.304/compilers_and_libraries_2020.4.304/linux/bin/intel64 -mGLOB_as_output_backup_file_name=/tmp/ar146294/login2_27994/icpc2cbnbias_.s -mGLOB_dashboard_use_source_name -mIPOPT_activate -mGLOB_product_id_code=0x22006d90 -mP3OPT_use_mspp_call_convention -mP2OPT_subs_out_of_bound=FALSE -mP2OPT_disam_type_based_disam=2 -mP2OPT_disam_assume_ansi_c -mP2OPT_checked_disam_ansi_alias=TRUE -mGLOB_ansi_alias -mPGOPTI_value_profile_use=T -mGLOB_opt_report_use_source_name -mP2OPT_il0_array_sections=TRUE -mGLOB_offload_mode=1 -mP2OPT_offload_unique_var_string=icpc0667546281e6iWjq -mP2OPT_hlo -mP2OPT_hpo_rtt_control=0 -mIPOPT_args_in_regs=0 -mP2OPT_disam_assume_nonstd_intent_in=FALSE -mGLOB_imf_mapping_library=/rwthfs/rz/SW/intel/Compiler/19.1/3.304/compilers_and_libraries_2020.4.304/linux/bin/intel64/libiml_attr.so -mPGOPTI_gen_threadsafe_level=0 -mIPOPT_link -mIPOPT_ipo_activate -mIPOPT_mo_activate -mIPOPT_source_files_list=/tmp/ar146294/login2_27994/icpcslis9jejS0 -mIPOPT_mo_global_data -mIPOPT_link_script_file=/tmp/ar146294/login2_27994/icpcscriptzPvNwE "-mIPOPT_cmdline_link="/usr/lib/gcc/x86_64-redhat-linux/4.8.5/../../../../lib64/crt1.o" "/usr/lib/gcc/x86_64-redhat-linux/4.8.5/../../../../lib64/crti.o" "/usr/lib/gcc/x86_64-redhat-linux/4.8.5/crtbegin.o" "-export-dynamic" "--eh-frame-hdr" "--build-id" "-dynamic-linker" "/lib64/ld-linux-x86-64.so.2" "-m" "elf_x86_64" "-o" "cmTC_8aa97" "-L/opt/intel/Compiler/19.1/3.304/rwthlnk/daal/lib/intel64_lin" "-L/opt/intel/Compiler/19.1/3.304/rwthlnk/daal/lib/ia32_lin" "-L/opt/intel/Compiler/19.1/3.304/rwthlnk/ipp/lib/intel64_lin" "-L/opt/intel/Compiler/19.1/3.304/rwthlnk/ipp/lib/ia32_lin" "-L/opt/intel/Compiler/19.1/3.304/rwthlnk/mkl/lib/intel64_lin" "-L/opt/intel/Compiler/19.1/3.304/rwthlnk/mkl/lib/ia32_lin" "-L/opt/intel/Compiler/19.1/3.304/rwthlnk/tbb/lib/intel64_lin/gcc4.7" "-L/opt/intel/Compiler/19.1/3.304/rwthlnk/tbb/lib/ia32_lin/gcc4.7" "-L/rwthfs/rz/SW/intel/Compiler/19.1/3.304/compilers_and_libraries_2020.4.304/linux/compiler/lib/intel64_lin" "-L/usr/lib/gcc/x86_64-redhat-linux/4.8.5/" "-L/usr/lib/gcc/x86_64-redhat-linux/4.8.5/../../../../lib64" "-L/usr/lib/gcc/x86_64-redhat-linux/4.8.5/../../../../lib64/" "-L/lib/../lib64" "-L/lib/../lib64/" "-L/usr/lib/../lib64" "-L/usr/lib/../lib64/" "-L/opt/intel/Compiler/19.1/3.304/rwthlnk/daal/lib/intel64_lin/" "-L/opt/intel/Compiler/19.1/3.304/rwthlnk/daal/lib/ia32_lin/" "-L/opt/intel/Compiler/19.1/3.304/rwthlnk/ipp/lib/intel64_lin/" "-L/opt/intel/Compiler/19.1/3.304/rwthlnk/ipp/lib/ia32_lin/" "-L/opt/intel/Compiler/19.1/3.304/rwthlnk/mkl/lib/intel64_lin/" "-L/opt/intel/Compiler/19.1/3.304/rwthlnk/mkl/lib/ia32_lin/" "-L/usr/lib/gcc/x86_64-redhat-linux/4.8.5/../../../" "-L/lib64" "-L/lib/" "-L/usr/lib64" "-L/usr/lib" "CMakeFiles/cmTC_8aa97.dir/CMakeCXXCompilerABI.cpp.o" "-Bdynamic" "-Bstatic" "-limf" "-lsvml" "-lirng" "-Bdynamic" "-lstdc++" "-lm" "-Bstatic" "-lipgo" "-ldecimal" "--as-needed" "-Bdynamic" "-lcilkrts" "--no-as-needed" "-lstdc++" "-lgcc" "-lgcc_s" "-Bstatic" "-lirc" "-lsvml" "-Bdynamic" "-lc" "-lgcc" "-lgcc_s" "-Bstatic" "-lirc_s" "-Bdynamic" "-ldl" "-lc" "/usr/lib/gcc/x86_64-redhat-linux/4.8.5/crtend.o" "/usr/lib/gcc/x86_64-redhat-linux/4.8.5/../../../../lib64/crtn.o"" -mIPOPT_il_in_obj -mIPOPT_ipo_activate_warn=FALSE -mIPOPT_obj_output_file_name=/tmp/ar146294/login2_27994/ipo_icpcd7iXYa.o -mIPOPT_whole_archive_fixup_file_name=/tmp/ar146294/login2_27994/icpcwarchtz8lvz -mGLOB_linker_version=2.27 -mGLOB_linker=ld -mGLOB_driver_tempfile_name=/tmp/ar146294/login2_27994/icpctempfileGzQKad -mP3OPT_asm_target=P3OPT_ASM_TARGET_GAS -mGLOB_async_unwind_tables=TRUE -mGLOB_obj_output_file=/tmp/ar146294/login2_27994/ipo_icpcd7iXYa.o -mGLOB_source_dialect=GLOB_SOURCE_DIALECT_NONE -mP1OPT_source_file_name=ipo_out.c CMakeFiles/cmTC_8aa97.dir/CMakeCXXCompilerABI.cpp.o -mIPOPT_object_files=T -mIPOPT_assembly_files=/tmp/ar146294/login2_27994/icpcalisNaB7gs -mIPOPT_generated_tempfiles=/tmp/ar146294/login2_27994/icpcelis1B5iV5 -mIPOPT_embedded_object_base_name=/tmp/ar146294/login2_27994/icpceobjjOrzzJ -mIPOPT_cmdline_link_new_name=/tmp/ar146294/login2_27994/icpcllis93gUdn]
  link line: [ld    /usr/lib/gcc/x86_64-redhat-linux/4.8.5/../../../../lib64/crt1.o /usr/lib/gcc/x86_64-redhat-linux/4.8.5/../../../../lib64/crti.o /usr/lib/gcc/x86_64-redhat-linux/4.8.5/crtbegin.o -export-dynamic --eh-frame-hdr --build-id -dynamic-linker /lib64/ld-linux-x86-64.so.2 -m elf_x86_64 -o cmTC_8aa97 -L/opt/intel/Compiler/19.1/3.304/rwthlnk/daal/lib/intel64_lin -L/opt/intel/Compiler/19.1/3.304/rwthlnk/daal/lib/ia32_lin -L/opt/intel/Compiler/19.1/3.304/rwthlnk/ipp/lib/intel64_lin -L/opt/intel/Compiler/19.1/3.304/rwthlnk/ipp/lib/ia32_lin -L/opt/intel/Compiler/19.1/3.304/rwthlnk/mkl/lib/intel64_lin -L/opt/intel/Compiler/19.1/3.304/rwthlnk/mkl/lib/ia32_lin -L/opt/intel/Compiler/19.1/3.304/rwthlnk/tbb/lib/intel64_lin/gcc4.7 -L/opt/intel/Compiler/19.1/3.304/rwthlnk/tbb/lib/ia32_lin/gcc4.7 -L/rwthfs/rz/SW/intel/Compiler/19.1/3.304/compilers_and_libraries_2020.4.304/linux/compiler/lib/intel64_lin -L/usr/lib/gcc/x86_64-redhat-linux/4.8.5/ -L/usr/lib/gcc/x86_64-redhat-linux/4.8.5/../../../../lib64 -L/usr/lib/gcc/x86_64-redhat-linux/4.8.5/../../../../lib64/ -L/lib/../lib64 -L/lib/../lib64/ -L/usr/lib/../lib64 -L/usr/lib/../lib64/ -L/opt/intel/Compiler/19.1/3.304/rwthlnk/daal/lib/intel64_lin/ -L/opt/intel/Compiler/19.1/3.304/rwthlnk/daal/lib/ia32_lin/ -L/opt/intel/Compiler/19.1/3.304/rwthlnk/ipp/lib/intel64_lin/ -L/opt/intel/Compiler/19.1/3.304/rwthlnk/ipp/lib/ia32_lin/ -L/opt/intel/Compiler/19.1/3.304/rwthlnk/mkl/lib/intel64_lin/ -L/opt/intel/Compiler/19.1/3.304/rwthlnk/mkl/lib/ia32_lin/ -L/usr/lib/gcc/x86_64-redhat-linux/4.8.5/../../../ -L/lib64 -L/lib/ -L/usr/lib64 -L/usr/lib CMakeFiles/cmTC_8aa97.dir/CMakeCXXCompilerABI.cpp.o -Bdynamic -Bstatic -limf -lsvml -lirng -Bdynamic -lstdc++ -lm -Bstatic -lipgo -ldecimal --as-needed -Bdynamic -lcilkrts --no-as-needed -lstdc++ -lgcc -lgcc_s -Bstatic -lirc -lsvml -Bdynamic -lc -lgcc -lgcc_s -Bstatic -lirc_s -Bdynamic -ldl -lc /usr/lib/gcc/x86_64-redhat-linux/4.8.5/crtend.o /usr/lib/gcc/x86_64-redhat-linux/4.8.5/../../../../lib64/crtn.o]
    arg [ld] ==> ignore
    arg [/usr/lib/gcc/x86_64-redhat-linux/4.8.5/../../../../lib64/crt1.o] ==> obj [/usr/lib/gcc/x86_64-redhat-linux/4.8.5/../../../../lib64/crt1.o]
    arg [/usr/lib/gcc/x86_64-redhat-linux/4.8.5/../../../../lib64/crti.o] ==> obj [/usr/lib/gcc/x86_64-redhat-linux/4.8.5/../../../../lib64/crti.o]
    arg [/usr/lib/gcc/x86_64-redhat-linux/4.8.5/crtbegin.o] ==> obj [/usr/lib/gcc/x86_64-redhat-linux/4.8.5/crtbegin.o]
    arg [-export-dynamic] ==> ignore
    arg [--eh-frame-hdr] ==> ignore
    arg [--build-id] ==> ignore
    arg [-dynamic-linker] ==> ignore
    arg [/lib64/ld-linux-x86-64.so.2] ==> ignore
    arg [-m] ==> ignore
    arg [elf_x86_64] ==> ignore
    arg [-o] ==> ignore
    arg [cmTC_8aa97] ==> ignore
    arg [-L/opt/intel/Compiler/19.1/3.304/rwthlnk/daal/lib/intel64_lin] ==> dir [/opt/intel/Compiler/19.1/3.304/rwthlnk/daal/lib/intel64_lin]
    arg [-L/opt/intel/Compiler/19.1/3.304/rwthlnk/daal/lib/ia32_lin] ==> dir [/opt/intel/Compiler/19.1/3.304/rwthlnk/daal/lib/ia32_lin]
    arg [-L/opt/intel/Compiler/19.1/3.304/rwthlnk/ipp/lib/intel64_lin] ==> dir [/opt/intel/Compiler/19.1/3.304/rwthlnk/ipp/lib/intel64_lin]
    arg [-L/opt/intel/Compiler/19.1/3.304/rwthlnk/ipp/lib/ia32_lin] ==> dir [/opt/intel/Compiler/19.1/3.304/rwthlnk/ipp/lib/ia32_lin]
    arg [-L/opt/intel/Compiler/19.1/3.304/rwthlnk/mkl/lib/intel64_lin] ==> dir [/opt/intel/Compiler/19.1/3.304/rwthlnk/mkl/lib/intel64_lin]
    arg [-L/opt/intel/Compiler/19.1/3.304/rwthlnk/mkl/lib/ia32_lin] ==> dir [/opt/intel/Compiler/19.1/3.304/rwthlnk/mkl/lib/ia32_lin]
    arg [-L/opt/intel/Compiler/19.1/3.304/rwthlnk/tbb/lib/intel64_lin/gcc4.7] ==> dir [/opt/intel/Compiler/19.1/3.304/rwthlnk/tbb/lib/intel64_lin/gcc4.7]
    arg [-L/opt/intel/Compiler/19.1/3.304/rwthlnk/tbb/lib/ia32_lin/gcc4.7] ==> dir [/opt/intel/Compiler/19.1/3.304/rwthlnk/tbb/lib/ia32_lin/gcc4.7]
    arg [-L/rwthfs/rz/SW/intel/Compiler/19.1/3.304/compilers_and_libraries_2020.4.304/linux/compiler/lib/intel64_lin] ==> dir [/rwthfs/rz/SW/intel/Compiler/19.1/3.304/compilers_and_libraries_2020.4.304/linux/compiler/lib/intel64_lin]
    arg [-L/usr/lib/gcc/x86_64-redhat-linux/4.8.5/] ==> dir [/usr/lib/gcc/x86_64-redhat-linux/4.8.5/]
    arg [-L/usr/lib/gcc/x86_64-redhat-linux/4.8.5/../../../../lib64] ==> dir [/usr/lib/gcc/x86_64-redhat-linux/4.8.5/../../../../lib64]
    arg [-L/usr/lib/gcc/x86_64-redhat-linux/4.8.5/../../../../lib64/] ==> dir [/usr/lib/gcc/x86_64-redhat-linux/4.8.5/../../../../lib64/]
    arg [-L/lib/../lib64] ==> dir [/lib/../lib64]
    arg [-L/lib/../lib64/] ==> dir [/lib/../lib64/]
    arg [-L/usr/lib/../lib64] ==> dir [/usr/lib/../lib64]
    arg [-L/usr/lib/../lib64/] ==> dir [/usr/lib/../lib64/]
    arg [-L/opt/intel/Compiler/19.1/3.304/rwthlnk/daal/lib/intel64_lin/] ==> dir [/opt/intel/Compiler/19.1/3.304/rwthlnk/daal/lib/intel64_lin/]
    arg [-L/opt/intel/Compiler/19.1/3.304/rwthlnk/daal/lib/ia32_lin/] ==> dir [/opt/intel/Compiler/19.1/3.304/rwthlnk/daal/lib/ia32_lin/]
    arg [-L/opt/intel/Compiler/19.1/3.304/rwthlnk/ipp/lib/intel64_lin/] ==> dir [/opt/intel/Compiler/19.1/3.304/rwthlnk/ipp/lib/intel64_lin/]
    arg [-L/opt/intel/Compiler/19.1/3.304/rwthlnk/ipp/lib/ia32_lin/] ==> dir [/opt/intel/Compiler/19.1/3.304/rwthlnk/ipp/lib/ia32_lin/]
    arg [-L/opt/intel/Compiler/19.1/3.304/rwthlnk/mkl/lib/intel64_lin/] ==> dir [/opt/intel/Compiler/19.1/3.304/rwthlnk/mkl/lib/intel64_lin/]
    arg [-L/opt/intel/Compiler/19.1/3.304/rwthlnk/mkl/lib/ia32_lin/] ==> dir [/opt/intel/Compiler/19.1/3.304/rwthlnk/mkl/lib/ia32_lin/]
    arg [-L/usr/lib/gcc/x86_64-redhat-linux/4.8.5/../../../] ==> dir [/usr/lib/gcc/x86_64-redhat-linux/4.8.5/../../../]
    arg [-L/lib64] ==> dir [/lib64]
    arg [-L/lib/] ==> dir [/lib/]
    arg [-L/usr/lib64] ==> dir [/usr/lib64]
    arg [-L/usr/lib] ==> dir [/usr/lib]
    arg [CMakeFiles/cmTC_8aa97.dir/CMakeCXXCompilerABI.cpp.o] ==> ignore
    arg [-Bdynamic] ==> search dynamic
    arg [-Bstatic] ==> search static
    arg [-limf] ==> lib [imf]
    arg [-lsvml] ==> lib [svml]
    arg [-lirng] ==> lib [irng]
    arg [-Bdynamic] ==> search dynamic
    arg [-lstdc++] ==> lib [stdc++]
    arg [-lm] ==> lib [m]
    arg [-Bstatic] ==> search static
    arg [-lipgo] ==> lib [ipgo]
    arg [-ldecimal] ==> lib [decimal]
    arg [--as-needed] ==> ignore
    arg [-Bdynamic] ==> search dynamic
    arg [-lcilkrts] ==> lib [cilkrts]
    arg [--no-as-needed] ==> ignore
    arg [-lstdc++] ==> lib [stdc++]
    arg [-lgcc] ==> lib [gcc]
    arg [-lgcc_s] ==> lib [gcc_s]
    arg [-Bstatic] ==> search static
    arg [-lirc] ==> lib [irc]
    arg [-lsvml] ==> lib [svml]
    arg [-Bdynamic] ==> search dynamic
    arg [-lc] ==> lib [c]
    arg [-lgcc] ==> lib [gcc]
    arg [-lgcc_s] ==> lib [gcc_s]
    arg [-Bstatic] ==> search static
    arg [-lirc_s] ==> lib [irc_s]
    arg [-Bdynamic] ==> search dynamic
    arg [-ldl] ==> lib [dl]
    arg [-lc] ==> lib [c]
    arg [/usr/lib/gcc/x86_64-redhat-linux/4.8.5/crtend.o] ==> obj [/usr/lib/gcc/x86_64-redhat-linux/4.8.5/crtend.o]
    arg [/usr/lib/gcc/x86_64-redhat-linux/4.8.5/../../../../lib64/crtn.o] ==> obj [/usr/lib/gcc/x86_64-redhat-linux/4.8.5/../../../../lib64/crtn.o]
  collapse obj [/usr/lib/gcc/x86_64-redhat-linux/4.8.5/../../../../lib64/crt1.o] ==> [/usr/lib64/crt1.o]
  collapse obj [/usr/lib/gcc/x86_64-redhat-linux/4.8.5/../../../../lib64/crti.o] ==> [/usr/lib64/crti.o]
  collapse obj [/usr/lib/gcc/x86_64-redhat-linux/4.8.5/../../../../lib64/crtn.o] ==> [/usr/lib64/crtn.o]
  collapse library dir [/opt/intel/Compiler/19.1/3.304/rwthlnk/daal/lib/intel64_lin] ==> [/opt/intel/Compiler/19.1/3.304/rwthlnk/daal/lib/intel64_lin]
  collapse library dir [/opt/intel/Compiler/19.1/3.304/rwthlnk/daal/lib/ia32_lin] ==> [/opt/intel/Compiler/19.1/3.304/rwthlnk/daal/lib/ia32_lin]
  collapse library dir [/opt/intel/Compiler/19.1/3.304/rwthlnk/ipp/lib/intel64_lin] ==> [/opt/intel/Compiler/19.1/3.304/rwthlnk/ipp/lib/intel64_lin]
  collapse library dir [/opt/intel/Compiler/19.1/3.304/rwthlnk/ipp/lib/ia32_lin] ==> [/opt/intel/Compiler/19.1/3.304/rwthlnk/ipp/lib/ia32_lin]
  collapse library dir [/opt/intel/Compiler/19.1/3.304/rwthlnk/mkl/lib/intel64_lin] ==> [/opt/intel/Compiler/19.1/3.304/rwthlnk/mkl/lib/intel64_lin]
  collapse library dir [/opt/intel/Compiler/19.1/3.304/rwthlnk/mkl/lib/ia32_lin] ==> [/opt/intel/Compiler/19.1/3.304/rwthlnk/mkl/lib/ia32_lin]
  collapse library dir [/opt/intel/Compiler/19.1/3.304/rwthlnk/tbb/lib/intel64_lin/gcc4.7] ==> [/opt/intel/Compiler/19.1/3.304/rwthlnk/tbb/lib/intel64_lin/gcc4.7]
  collapse library dir [/opt/intel/Compiler/19.1/3.304/rwthlnk/tbb/lib/ia32_lin/gcc4.7] ==> [/opt/intel/Compiler/19.1/3.304/rwthlnk/tbb/lib/ia32_lin/gcc4.7]
  collapse library dir [/rwthfs/rz/SW/intel/Compiler/19.1/3.304/compilers_and_libraries_2020.4.304/linux/compiler/lib/intel64_lin] ==> [/rwthfs/rz/SW/intel/Compiler/19.1/3.304/compilers_and_libraries_2020.4.304/linux/compiler/lib/intel64_lin]
  collapse library dir [/usr/lib/gcc/x86_64-redhat-linux/4.8.5/] ==> [/usr/lib/gcc/x86_64-redhat-linux/4.8.5]
  collapse library dir [/usr/lib/gcc/x86_64-redhat-linux/4.8.5/../../../../lib64] ==> [/usr/lib64]
  collapse library dir [/usr/lib/gcc/x86_64-redhat-linux/4.8.5/../../../../lib64/] ==> [/usr/lib64]
  collapse library dir [/lib/../lib64] ==> [/lib64]
  collapse library dir [/lib/../lib64/] ==> [/lib64]
  collapse library dir [/usr/lib/../lib64] ==> [/usr/lib64]
  collapse library dir [/usr/lib/../lib64/] ==> [/usr/lib64]
  collapse library dir [/opt/intel/Compiler/19.1/3.304/rwthlnk/daal/lib/intel64_lin/] ==> [/opt/intel/Compiler/19.1/3.304/rwthlnk/daal/lib/intel64_lin]
  collapse library dir [/opt/intel/Compiler/19.1/3.304/rwthlnk/daal/lib/ia32_lin/] ==> [/opt/intel/Compiler/19.1/3.304/rwthlnk/daal/lib/ia32_lin]
  collapse library dir [/opt/intel/Compiler/19.1/3.304/rwthlnk/ipp/lib/intel64_lin/] ==> [/opt/intel/Compiler/19.1/3.304/rwthlnk/ipp/lib/intel64_lin]
  collapse library dir [/opt/intel/Compiler/19.1/3.304/rwthlnk/ipp/lib/ia32_lin/] ==> [/opt/intel/Compiler/19.1/3.304/rwthlnk/ipp/lib/ia32_lin]
  collapse library dir [/opt/intel/Compiler/19.1/3.304/rwthlnk/mkl/lib/intel64_lin/] ==> [/opt/intel/Compiler/19.1/3.304/rwthlnk/mkl/lib/intel64_lin]
  collapse library dir [/opt/intel/Compiler/19.1/3.304/rwthlnk/mkl/lib/ia32_lin/] ==> [/opt/intel/Compiler/19.1/3.304/rwthlnk/mkl/lib/ia32_lin]
  collapse library dir [/usr/lib/gcc/x86_64-redhat-linux/4.8.5/../../../] ==> [/usr/lib]
  collapse library dir [/lib64] ==> [/lib64]
  collapse library dir [/lib/] ==> [/lib]
  collapse library dir [/usr/lib64] ==> [/usr/lib64]
  collapse library dir [/usr/lib] ==> [/usr/lib]
  implicit libs: [imf;svml;irng;stdc++;m;ipgo;decimal;cilkrts;stdc++;gcc;gcc_s;irc;svml;c;gcc;gcc_s;irc_s;dl;c]
  implicit objs: [/usr/lib64/crt1.o;/usr/lib64/crti.o;/usr/lib/gcc/x86_64-redhat-linux/4.8.5/crtbegin.o;/usr/lib/gcc/x86_64-redhat-linux/4.8.5/crtend.o;/usr/lib64/crtn.o]
  implicit dirs: [/opt/intel/Compiler/19.1/3.304/rwthlnk/daal/lib/intel64_lin;/opt/intel/Compiler/19.1/3.304/rwthlnk/daal/lib/ia32_lin;/opt/intel/Compiler/19.1/3.304/rwthlnk/ipp/lib/intel64_lin;/opt/intel/Compiler/19.1/3.304/rwthlnk/ipp/lib/ia32_lin;/opt/intel/Compiler/19.1/3.304/rwthlnk/mkl/lib/intel64_lin;/opt/intel/Compiler/19.1/3.304/rwthlnk/mkl/lib/ia32_lin;/opt/intel/Compiler/19.1/3.304/rwthlnk/tbb/lib/intel64_lin/gcc4.7;/opt/intel/Compiler/19.1/3.304/rwthlnk/tbb/lib/ia32_lin/gcc4.7;/rwthfs/rz/SW/intel/Compiler/19.1/3.304/compilers_and_libraries_2020.4.304/linux/compiler/lib/intel64_lin;/usr/lib/gcc/x86_64-redhat-linux/4.8.5;/usr/lib64;/lib64;/usr/lib;/lib]
  implicit fwks: []


